Found 30990 images belonging to 10 classes.
Found 6640 images belonging to 10 classes.
Found 6650 images belonging to 10 classes.
Model: "sequential"
_________________________________________________________________
 Layer (type)                Output Shape              Param #   
=================================================================
 conv2d (Conv2D)             (None, 222, 222, 32)      896       
                                                                 
 max_pooling2d (MaxPooling2D  (None, 111, 111, 32)     0         
 )                                                               
                                                                 
 conv2d_1 (Conv2D)           (None, 109, 109, 64)      18496     
                                                                 
 max_pooling2d_1 (MaxPooling  (None, 54, 54, 64)       0         
 2D)                                                             
                                                                 
 conv2d_2 (Conv2D)           (None, 52, 52, 64)        36928     
                                                                 
 max_pooling2d_2 (MaxPooling  (None, 26, 26, 64)       0         
 2D)                                                             
                                                                 
 conv2d_3 (Conv2D)           (None, 24, 24, 64)        36928     
                                                                 
 max_pooling2d_3 (MaxPooling  (None, 12, 12, 64)       0         
 2D)                                                             
                                                                 
 conv2d_4 (Conv2D)           (None, 10, 10, 64)        36928     
                                                                 
 max_pooling2d_4 (MaxPooling  (None, 5, 5, 64)         0         
 2D)                                                             
                                                                 
 flatten (Flatten)           (None, 1600)              0         
                                                                 
 dense (Dense)               (None, 128)               204928    
                                                                 
 dense_1 (Dense)             (None, 10)                1290      
                                                                 
=================================================================
Total params: 336,394
Trainable params: 336,394
Non-trainable params: 0
_________________________________________________________________
None
2023-07-09 13:09:34.332517: W tensorflow/tsl/platform/profile_utils/cpu_utils.cc:128] Failed to get CPU frequency: 0 Hz
Epoch 1/30
243/243 [==============================] - 350s 1s/step - loss: 2.2968 - accuracy: 0.1115 - val_loss: 2.2894 - val_accuracy: 0.1161
Epoch 2/30
243/243 [==============================] - 351s 1s/step - loss: 2.2805 - accuracy: 0.1416 - val_loss: 2.2658 - val_accuracy: 0.1614
Epoch 3/30
243/243 [==============================] - 351s 1s/step - loss: 2.2522 - accuracy: 0.1657 - val_loss: 2.2271 - val_accuracy: 0.1800
Epoch 4/30
243/243 [==============================] - 353s 1s/step - loss: 2.2163 - accuracy: 0.1791 - val_loss: 2.1953 - val_accuracy: 0.1873
Epoch 5/30
243/243 [==============================] - 669s 3s/step - loss: 2.1910 - accuracy: 0.1897 - val_loss: 2.1616 - val_accuracy: 0.1998
Epoch 6/30
243/243 [==============================] - 354s 1s/step - loss: 2.1650 - accuracy: 0.2043 - val_loss: 2.1519 - val_accuracy: 0.2105
Epoch 7/30
243/243 [==============================] - 353s 1s/step - loss: 2.1420 - accuracy: 0.2150 - val_loss: 2.1186 - val_accuracy: 0.2206
Epoch 8/30
243/243 [==============================] - 351s 1s/step - loss: 2.1196 - accuracy: 0.2234 - val_loss: 2.1029 - val_accuracy: 0.2289
Epoch 9/30
243/243 [==============================] - 351s 1s/step - loss: 2.1078 - accuracy: 0.2306 - val_loss: 2.1073 - val_accuracy: 0.2217
Epoch 10/30
243/243 [==============================] - 352s 1s/step - loss: 2.0903 - accuracy: 0.2365 - val_loss: 2.1134 - val_accuracy: 0.2262
Epoch 11/30
243/243 [==============================] - 349s 1s/step - loss: 2.0814 - accuracy: 0.2380 - val_loss: 2.0667 - val_accuracy: 0.2506
Epoch 12/30
243/243 [==============================] - 351s 1s/step - loss: 2.0725 - accuracy: 0.2448 - val_loss: 2.0805 - val_accuracy: 0.2348
Epoch 13/30
243/243 [==============================] - 356s 1s/step - loss: 2.0616 - accuracy: 0.2488 - val_loss: 2.0519 - val_accuracy: 0.2474
Epoch 14/30
243/243 [==============================] - 350s 1s/step - loss: 2.0562 - accuracy: 0.2519 - val_loss: 2.0559 - val_accuracy: 0.2447
Epoch 15/30
243/243 [==============================] - 350s 1s/step - loss: 2.0472 - accuracy: 0.2537 - val_loss: 2.0424 - val_accuracy: 0.2508
Epoch 16/30
243/243 [==============================] - 351s 1s/step - loss: 2.0386 - accuracy: 0.2608 - val_loss: 2.0325 - val_accuracy: 0.2602
Epoch 17/30
243/243 [==============================] - 352s 1s/step - loss: 2.0315 - accuracy: 0.2628 - val_loss: 2.0072 - val_accuracy: 0.2682
Epoch 18/30
243/243 [==============================] - 353s 1s/step - loss: 2.0207 - accuracy: 0.2664 - val_loss: 2.0244 - val_accuracy: 0.2649
Epoch 19/30
243/243 [==============================] - 354s 1s/step - loss: 2.0211 - accuracy: 0.2665 - val_loss: 2.0262 - val_accuracy: 0.2630
Epoch 20/30
243/243 [==============================] - 356s 1s/step - loss: 2.0112 - accuracy: 0.2708 - val_loss: 1.9965 - val_accuracy: 0.2756
Epoch 21/30
243/243 [==============================] - 412s 2s/step - loss: 2.0057 - accuracy: 0.2743 - val_loss: 1.9915 - val_accuracy: 0.2773
Epoch 22/30
243/243 [==============================] - 353s 1s/step - loss: 1.9997 - accuracy: 0.2737 - val_loss: 2.0304 - val_accuracy: 0.2643
Epoch 23/30
243/243 [==============================] - 351s 1s/step - loss: 1.9900 - accuracy: 0.2791 - val_loss: 1.9841 - val_accuracy: 0.2770
Epoch 24/30
243/243 [==============================] - 352s 1s/step - loss: 1.9877 - accuracy: 0.2819 - val_loss: 1.9907 - val_accuracy: 0.2785
Epoch 25/30
243/243 [==============================] - 354s 1s/step - loss: 1.9808 - accuracy: 0.2798 - val_loss: 2.0013 - val_accuracy: 0.2678
Epoch 26/30
243/243 [==============================] - 354s 1s/step - loss: 1.9766 - accuracy: 0.2811 - val_loss: 1.9927 - val_accuracy: 0.2738
Epoch 27/30
243/243 [==============================] - 350s 1s/step - loss: 1.9740 - accuracy: 0.2851 - val_loss: 1.9682 - val_accuracy: 0.2842
Epoch 28/30
243/243 [==============================] - 351s 1s/step - loss: 1.9658 - accuracy: 0.2876 - val_loss: 1.9900 - val_accuracy: 0.2774
Epoch 29/30
243/243 [==============================] - 353s 1s/step - loss: 1.9609 - accuracy: 0.2891 - val_loss: 1.9608 - val_accuracy: 0.2913
Epoch 30/30
243/243 [==============================] - 352s 1s/step - loss: 1.9578 - accuracy: 0.2905 - val_loss: 1.9459 - val_accuracy: 0.2964
52/52 [==============================] - 45s 854ms/step - loss: 1.9589 - accuracy: 0.2899