Found 30990 images belonging to 10 classes.
Found 6640 images belonging to 10 classes.
Found 6650 images belonging to 10 classes.
Model: "sequential"
_________________________________________________________________
 Layer (type)                Output Shape              Param #   
=================================================================
 conv2d (Conv2D)             (None, 222, 222, 32)      896       
                                                                 
 max_pooling2d (MaxPooling2D  (None, 111, 111, 32)     0         
 )                                                               
                                                                 
 conv2d_1 (Conv2D)           (None, 109, 109, 64)      18496     
                                                                 
 max_pooling2d_1 (MaxPooling  (None, 54, 54, 64)       0         
 2D)                                                             
                                                                 
 conv2d_2 (Conv2D)           (None, 52, 52, 64)        36928     
                                                                 
 max_pooling2d_2 (MaxPooling  (None, 26, 26, 64)       0         
 2D)                                                             
                                                                 
 conv2d_3 (Conv2D)           (None, 24, 24, 64)        36928     
                                                                 
 max_pooling2d_3 (MaxPooling  (None, 12, 12, 64)       0         
 2D)                                                             
                                                                 
 conv2d_4 (Conv2D)           (None, 10, 10, 64)        36928     
                                                                 
 max_pooling2d_4 (MaxPooling  (None, 5, 5, 64)         0         
 2D)                                                             
                                                                 
 flatten (Flatten)           (None, 1600)              0         
                                                                 
 dropout (Dropout)           (None, 1600)              0         
                                                                 
 dense (Dense)               (None, 128)               204928    
                                                                 
 dense_1 (Dense)             (None, 10)                1290      
                                                                 
=================================================================
Total params: 336,394
Trainable params: 336,394
Non-trainable params: 0
_________________________________________________________________
None
2023-05-30 12:26:00.430606: W tensorflow/tsl/platform/profile_utils/cpu_utils.cc:128] Failed to get CPU frequency: 0 Hz
Epoch 1/20
243/243 [==============================] - 342s 1s/step - loss: 2.1761 - accuracy: 0.1902 - val_loss: 2.1074 - val_accuracy: 0.2250
Epoch 2/20
243/243 [==============================] - 345s 1s/step - loss: 2.0461 - accuracy: 0.2515 - val_loss: 2.0064 - val_accuracy: 0.2672
Epoch 3/20
243/243 [==============================] - 343s 1s/step - loss: 1.9793 - accuracy: 0.2783 - val_loss: 1.9173 - val_accuracy: 0.2953
Epoch 4/20
243/243 [==============================] - 3761s 16s/step - loss: 1.9287 - accuracy: 0.2998 - val_loss: 1.8942 - val_accuracy: 0.3089
Epoch 5/20
243/243 [==============================] - 1085s 4s/step - loss: 1.8979 - accuracy: 0.3120 - val_loss: 1.8738 - val_accuracy: 0.3161
Epoch 6/20
243/243 [==============================] - 337s 1s/step - loss: 1.8717 - accuracy: 0.3199 - val_loss: 1.8290 - val_accuracy: 0.3274
Epoch 7/20
243/243 [==============================] - 336s 1s/step - loss: 1.8350 - accuracy: 0.3331 - val_loss: 1.8160 - val_accuracy: 0.3364
Epoch 8/20
243/243 [==============================] - 330s 1s/step - loss: 1.8097 - accuracy: 0.3460 - val_loss: 1.8153 - val_accuracy: 0.3402
Epoch 9/20
243/243 [==============================] - 338s 1s/step - loss: 1.7836 - accuracy: 0.3566 - val_loss: 1.7782 - val_accuracy: 0.3505
Epoch 10/20
243/243 [==============================] - 332s 1s/step - loss: 1.7678 - accuracy: 0.3614 - val_loss: 1.7827 - val_accuracy: 0.3542
Epoch 11/20
243/243 [==============================] - 340s 1s/step - loss: 1.7570 - accuracy: 0.3636 - val_loss: 1.7431 - val_accuracy: 0.3660
Epoch 12/20
243/243 [==============================] - 343s 1s/step - loss: 1.7431 - accuracy: 0.3713 - val_loss: 1.7435 - val_accuracy: 0.3681
Epoch 13/20
243/243 [==============================] - 345s 1s/step - loss: 1.7244 - accuracy: 0.3799 - val_loss: 1.7422 - val_accuracy: 0.3676
Epoch 14/20
243/243 [==============================] - 343s 1s/step - loss: 1.7115 - accuracy: 0.3834 - val_loss: 1.7852 - val_accuracy: 0.3497
Epoch 15/20
243/243 [==============================] - 344s 1s/step - loss: 1.7005 - accuracy: 0.3847 - val_loss: 1.7267 - val_accuracy: 0.3767
Epoch 16/20
243/243 [==============================] - 346s 1s/step - loss: 1.6888 - accuracy: 0.3930 - val_loss: 1.6999 - val_accuracy: 0.3890
Epoch 17/20
243/243 [==============================] - 344s 1s/step - loss: 1.6792 - accuracy: 0.3968 - val_loss: 1.6919 - val_accuracy: 0.3789
Epoch 18/20
243/243 [==============================] - 344s 1s/step - loss: 1.6669 - accuracy: 0.3985 - val_loss: 1.7169 - val_accuracy: 0.3849
Epoch 19/20
243/243 [==============================] - 351s 1s/step - loss: 1.6566 - accuracy: 0.4046 - val_loss: 1.6865 - val_accuracy: 0.3907
Epoch 20/20
243/243 [==============================] - 348s 1s/step - loss: 1.6527 - accuracy: 0.4004 - val_loss: 1.6696 - val_accuracy: 0.3947
52/52 [==============================] - 43s 814ms/step - loss: 1.6936 - accuracy: 0.3871

Epoch 1/10
243/243 [==============================] - 334s 1s/step - loss: 1.6439 - accuracy: 0.4083 - val_loss: 1.6654 - val_accuracy: 0.3953
Epoch 2/10
243/243 [==============================] - 339s 1s/step - loss: 1.6309 - accuracy: 0.4126 - val_loss: 1.6587 - val_accuracy: 0.4083
Epoch 3/10
243/243 [==============================] - 340s 1s/step - loss: 1.6280 - accuracy: 0.4146 - val_loss: 1.6367 - val_accuracy: 0.4098
Epoch 4/10
243/243 [==============================] - 339s 1s/step - loss: 1.6116 - accuracy: 0.4202 - val_loss: 1.6547 - val_accuracy: 0.4086
Epoch 5/10
243/243 [==============================] - 337s 1s/step - loss: 1.6121 - accuracy: 0.4214 - val_loss: 1.6470 - val_accuracy: 0.4068
Epoch 6/10
243/243 [==============================] - 516s 2s/step - loss: 1.6067 - accuracy: 0.4225 - val_loss: 1.6561 - val_accuracy: 0.4062
Epoch 7/10
243/243 [==============================] - 341s 1s/step - loss: 1.5988 - accuracy: 0.4258 - val_loss: 1.6296 - val_accuracy: 0.4075
Epoch 8/10
243/243 [==============================] - 342s 1s/step - loss: 1.5893 - accuracy: 0.4297 - val_loss: 1.6332 - val_accuracy: 0.4098
Epoch 9/10
243/243 [==============================] - 341s 1s/step - loss: 1.5863 - accuracy: 0.4312 - val_loss: 1.6286 - val_accuracy: 0.4089
Epoch 10/10
243/243 [==============================] - 340s 1s/step - loss: 1.5783 - accuracy: 0.4344 - val_loss: 1.6254 - val_accuracy: 0.4098
52/52 [==============================] - 43s 820ms/step - loss: 1.6610 - accuracy: 0.3970