Found 30990 images belonging to 10 classes.
Found 6640 images belonging to 10 classes.
Found 6650 images belonging to 10 classes.
Model: "sequential"
_________________________________________________________________
 Layer (type)                Output Shape              Param #   
=================================================================
 conv2d (Conv2D)             (None, 222, 222, 32)      896       
                                                                 
 max_pooling2d (MaxPooling2D  (None, 111, 111, 32)     0         
 )                                                               
                                                                 
 conv2d_1 (Conv2D)           (None, 109, 109, 64)      18496     
                                                                 
 max_pooling2d_1 (MaxPooling  (None, 54, 54, 64)       0         
 2D)                                                             
                                                                 
 conv2d_2 (Conv2D)           (None, 52, 52, 64)        36928     
                                                                 
 max_pooling2d_2 (MaxPooling  (None, 26, 26, 64)       0         
 2D)                                                             
                                                                 
 conv2d_3 (Conv2D)           (None, 24, 24, 64)        36928     
                                                                 
 max_pooling2d_3 (MaxPooling  (None, 12, 12, 64)       0         
 2D)                                                             
                                                                 
 conv2d_4 (Conv2D)           (None, 10, 10, 64)        36928     
                                                                 
 max_pooling2d_4 (MaxPooling  (None, 5, 5, 64)         0         
 2D)                                                             
                                                                 
 flatten (Flatten)           (None, 1600)              0         
                                                                 
 dense (Dense)               (None, 128)               204928    
                                                                 
 dense_1 (Dense)             (None, 10)                1290      
                                                                 
=================================================================
Total params: 336,394
Trainable params: 336,394
Non-trainable params: 0
_________________________________________________________________
None
2023-07-10 21:29:50.651444: W tensorflow/tsl/platform/profile_utils/cpu_utils.cc:128] Failed to get CPU frequency: 0 Hz
Epoch 1/30
243/243 [==============================] - 348s 1s/step - loss: 2.1552 - accuracy: 0.1955 - val_loss: 2.0660 - val_accuracy: 0.2474
Epoch 2/30
243/243 [==============================] - 359s 1s/step - loss: 2.0048 - accuracy: 0.2686 - val_loss: 1.9675 - val_accuracy: 0.2872
Epoch 3/30
243/243 [==============================] - 359s 1s/step - loss: 1.9264 - accuracy: 0.3031 - val_loss: 1.8936 - val_accuracy: 0.3083
Epoch 4/30
243/243 [==============================] - 358s 1s/step - loss: 1.8725 - accuracy: 0.3205 - val_loss: 1.8414 - val_accuracy: 0.3313
Epoch 5/30
243/243 [==============================] - 354s 1s/step - loss: 1.8295 - accuracy: 0.3376 - val_loss: 1.9433 - val_accuracy: 0.2867
Epoch 6/30
243/243 [==============================] - 346s 1s/step - loss: 1.8022 - accuracy: 0.3471 - val_loss: 1.7794 - val_accuracy: 0.3511
Epoch 7/30
243/243 [==============================] - 338s 1s/step - loss: 1.7724 - accuracy: 0.3605 - val_loss: 1.7533 - val_accuracy: 0.3633
Epoch 8/30
243/243 [==============================] - 349s 1s/step - loss: 1.7449 - accuracy: 0.3709 - val_loss: 1.7551 - val_accuracy: 0.3622
Epoch 9/30
243/243 [==============================] - 344s 1s/step - loss: 1.7237 - accuracy: 0.3759 - val_loss: 1.7231 - val_accuracy: 0.3806
Epoch 10/30
243/243 [==============================] - 338s 1s/step - loss: 1.7095 - accuracy: 0.3845 - val_loss: 1.7382 - val_accuracy: 0.3720
Epoch 11/30
243/243 [==============================] - 354s 1s/step - loss: 1.6902 - accuracy: 0.3912 - val_loss: 1.6926 - val_accuracy: 0.3883
Epoch 12/30
243/243 [==============================] - 342s 1s/step - loss: 1.6744 - accuracy: 0.3978 - val_loss: 1.7085 - val_accuracy: 0.3732
Epoch 13/30
243/243 [==============================] - 340s 1s/step - loss: 1.6601 - accuracy: 0.3999 - val_loss: 1.6670 - val_accuracy: 0.4005
Epoch 14/30
243/243 [==============================] - 334s 1s/step - loss: 1.6418 - accuracy: 0.4095 - val_loss: 1.6511 - val_accuracy: 0.4050
Epoch 15/30
243/243 [==============================] - 341s 1s/step - loss: 1.6362 - accuracy: 0.4122 - val_loss: 1.6508 - val_accuracy: 0.4027
Epoch 16/30
243/243 [==============================] - 350s 1s/step - loss: 1.6167 - accuracy: 0.4202 - val_loss: 1.6556 - val_accuracy: 0.4063
Epoch 17/30
243/243 [==============================] - 339s 1s/step - loss: 1.6059 - accuracy: 0.4225 - val_loss: 1.6712 - val_accuracy: 0.4026
Epoch 18/30
243/243 [==============================] - 347s 1s/step - loss: 1.5958 - accuracy: 0.4237 - val_loss: 1.6278 - val_accuracy: 0.4182
Epoch 19/30
243/243 [==============================] - 402s 2s/step - loss: 1.5857 - accuracy: 0.4313 - val_loss: 1.6272 - val_accuracy: 0.4239
Epoch 20/30
243/243 [==============================] - 348s 1s/step - loss: 1.5765 - accuracy: 0.4308 - val_loss: 1.6303 - val_accuracy: 0.4068
Epoch 21/30
243/243 [==============================] - 1354s 6s/step - loss: 1.5643 - accuracy: 0.4407 - val_loss: 1.6116 - val_accuracy: 0.4233
Epoch 22/30
243/243 [==============================] - 369s 2s/step - loss: 1.5569 - accuracy: 0.4431 - val_loss: 1.6063 - val_accuracy: 0.4229
Epoch 23/30
243/243 [==============================] - 346s 1s/step - loss: 1.5484 - accuracy: 0.4444 - val_loss: 1.6126 - val_accuracy: 0.4242
Epoch 24/30
243/243 [==============================] - 342s 1s/step - loss: 1.5398 - accuracy: 0.4470 - val_loss: 1.6058 - val_accuracy: 0.4197
Epoch 25/30
243/243 [==============================] - 348s 1s/step - loss: 1.5294 - accuracy: 0.4522 - val_loss: 1.6169 - val_accuracy: 0.4206
Epoch 26/30
243/243 [==============================] - 341s 1s/step - loss: 1.5205 - accuracy: 0.4557 - val_loss: 1.5840 - val_accuracy: 0.4256
Epoch 27/30
243/243 [==============================] - 334s 1s/step - loss: 1.5192 - accuracy: 0.4542 - val_loss: 1.6079 - val_accuracy: 0.4261
Epoch 28/30
243/243 [==============================] - 333s 1s/step - loss: 1.5119 - accuracy: 0.4555 - val_loss: 1.6028 - val_accuracy: 0.4232
Epoch 29/30
243/243 [==============================] - 1083s 4s/step - loss: 1.5063 - accuracy: 0.4595 - val_loss: 1.5920 - val_accuracy: 0.4324
Epoch 30/30
243/243 [==============================] - 4329s 18s/step - loss: 1.4896 - accuracy: 0.4656 - val_loss: 1.5839 - val_accuracy: 0.4384
52/52 [==============================] - 439s 9s/step - loss: 1.6319 - accuracy: 0.4180