Found 21693 images belonging to 7 classes.
Found 4648 images belonging to 7 classes.
Found 4655 images belonging to 7 classes.
Model: "sequential"
_________________________________________________________________
 Layer (type)                Output Shape              Param #   
=================================================================
 conv2d (Conv2D)             (None, 222, 222, 32)      896       
                                                                 
 max_pooling2d (MaxPooling2D  (None, 111, 111, 32)     0         
 )                                                               
                                                                 
 conv2d_1 (Conv2D)           (None, 109, 109, 64)      18496     
                                                                 
 max_pooling2d_1 (MaxPooling  (None, 54, 54, 64)       0         
 2D)                                                             
                                                                 
 conv2d_2 (Conv2D)           (None, 52, 52, 64)        36928     
                                                                 
 max_pooling2d_2 (MaxPooling  (None, 26, 26, 64)       0         
 2D)                                                             
                                                                 
 conv2d_3 (Conv2D)           (None, 24, 24, 64)        36928     
                                                                 
 max_pooling2d_3 (MaxPooling  (None, 12, 12, 64)       0         
 2D)                                                             
                                                                 
 conv2d_4 (Conv2D)           (None, 10, 10, 64)        36928     
                                                                 
 max_pooling2d_4 (MaxPooling  (None, 5, 5, 64)         0         
 2D)                                                             
                                                                 
 flatten (Flatten)           (None, 1600)              0         
                                                                 
 dense (Dense)               (None, 128)               204928    
                                                                 
 dense_1 (Dense)             (None, 10)                1290      
                                                                 
=================================================================
Total params: 336,394
Trainable params: 336,394
Non-trainable params: 0
_________________________________________________________________
None
2023-06-18 18:51:54.619009: W tensorflow/tsl/platform/profile_utils/cpu_utils.cc:128] Failed to get CPU frequency: 0 Hz
Epoch 1/20
170/170 [==============================] - 244s 1s/step - loss: 1.8814 - accuracy: 0.2162 - val_loss: 1.8146 - val_accuracy: 0.2560
Epoch 2/20
170/170 [==============================] - 247s 1s/step - loss: 1.7811 - accuracy: 0.2803 - val_loss: 1.7549 - val_accuracy: 0.3012
Epoch 3/20
170/170 [==============================] - 246s 1s/step - loss: 1.7170 - accuracy: 0.3094 - val_loss: 1.6552 - val_accuracy: 0.3373
Epoch 4/20
170/170 [==============================] - 325s 2s/step - loss: 1.6737 - accuracy: 0.3311 - val_loss: 1.6531 - val_accuracy: 0.3384
Epoch 5/20
170/170 [==============================] - 252s 1s/step - loss: 1.6447 - accuracy: 0.3435 - val_loss: 1.6059 - val_accuracy: 0.3662
Epoch 6/20
170/170 [==============================] - 250s 1s/step - loss: 1.6175 - accuracy: 0.3582 - val_loss: 1.6174 - val_accuracy: 0.3518
Epoch 7/20
170/170 [==============================] - 251s 1s/step - loss: 1.5936 - accuracy: 0.3675 - val_loss: 1.5739 - val_accuracy: 0.3711
Epoch 8/20
170/170 [==============================] - 245s 1s/step - loss: 1.5647 - accuracy: 0.3811 - val_loss: 1.5368 - val_accuracy: 0.3905
Epoch 9/20
170/170 [==============================] - 248s 1s/step - loss: 1.5471 - accuracy: 0.3928 - val_loss: 1.5239 - val_accuracy: 0.4058
Epoch 10/20
170/170 [==============================] - 248s 1s/step - loss: 1.5246 - accuracy: 0.4020 - val_loss: 1.5100 - val_accuracy: 0.4012
Epoch 11/20
170/170 [==============================] - 249s 1s/step - loss: 1.5099 - accuracy: 0.4107 - val_loss: 1.4916 - val_accuracy: 0.4208
Epoch 12/20
170/170 [==============================] - 247s 1s/step - loss: 1.4873 - accuracy: 0.4195 - val_loss: 1.4809 - val_accuracy: 0.4241
Epoch 13/20
170/170 [==============================] - 247s 1s/step - loss: 1.4722 - accuracy: 0.4232 - val_loss: 1.4684 - val_accuracy: 0.4213
Epoch 14/20
170/170 [==============================] - 248s 1s/step - loss: 1.4574 - accuracy: 0.4301 - val_loss: 1.4624 - val_accuracy: 0.4346
Epoch 15/20
170/170 [==============================] - 246s 1s/step - loss: 1.4516 - accuracy: 0.4378 - val_loss: 1.4436 - val_accuracy: 0.4299
Epoch 16/20
170/170 [==============================] - 248s 1s/step - loss: 1.4327 - accuracy: 0.4420 - val_loss: 1.4806 - val_accuracy: 0.4135
Epoch 17/20
170/170 [==============================] - 246s 1s/step - loss: 1.4332 - accuracy: 0.4411 - val_loss: 1.4304 - val_accuracy: 0.4249
Epoch 18/20
170/170 [==============================] - 247s 1s/step - loss: 1.4131 - accuracy: 0.4476 - val_loss: 1.4392 - val_accuracy: 0.4271
Epoch 19/20
170/170 [==============================] - 247s 1s/step - loss: 1.4017 - accuracy: 0.4535 - val_loss: 1.4123 - val_accuracy: 0.4518
Epoch 20/20
170/170 [==============================] - 247s 1s/step - loss: 1.3928 - accuracy: 0.4551 - val_loss: 1.4641 - val_accuracy: 0.4342
37/37 [==============================] - 32s 857ms/step - loss: 1.4910 - accuracy: 0.4228