Found 30990 images belonging to 10 classes.
Found 6640 images belonging to 10 classes.
Found 6650 images belonging to 10 classes.
Model: "sequential"
_________________________________________________________________
 Layer (type)                Output Shape              Param #   
=================================================================
 conv2d (Conv2D)             (None, 222, 222, 32)      896       
                                                                 
 max_pooling2d (MaxPooling2D  (None, 111, 111, 32)     0         
 )                                                               
                                                                 
 conv2d_1 (Conv2D)           (None, 109, 109, 64)      18496     
                                                                 
 max_pooling2d_1 (MaxPooling  (None, 54, 54, 64)       0         
 2D)                                                             
                                                                 
 conv2d_2 (Conv2D)           (None, 52, 52, 64)        36928     
                                                                 
 max_pooling2d_2 (MaxPooling  (None, 26, 26, 64)       0         
 2D)                                                             
                                                                 
 conv2d_3 (Conv2D)           (None, 24, 24, 64)        36928     
                                                                 
 max_pooling2d_3 (MaxPooling  (None, 12, 12, 64)       0         
 2D)                                                             
                                                                 
 conv2d_4 (Conv2D)           (None, 10, 10, 64)        36928     
                                                                 
 max_pooling2d_4 (MaxPooling  (None, 5, 5, 64)         0         
 2D)                                                             
                                                                 
 flatten (Flatten)           (None, 1600)              0         
                                                                 
 dropout (Dropout)           (None, 1600)              0         
                                                                 
 dense (Dense)               (None, 128)               204928    
                                                                 
 dense_1 (Dense)             (None, 10)                1290      
                                                                 
=================================================================
Total params: 336,394
Trainable params: 336,394
Non-trainable params: 0
_________________________________________________________________
None
2023-06-14 13:50:20.259616: W tensorflow/tsl/platform/profile_utils/cpu_utils.cc:128] Failed to get CPU frequency: 0 Hz
Epoch 1/20
243/243 [==============================] - 341s 1s/step - loss: 2.1750 - accuracy: 0.1800 - val_loss: 2.0851 - val_accuracy: 0.2289
Epoch 2/20
243/243 [==============================] - 351s 1s/step - loss: 2.0731 - accuracy: 0.2418 - val_loss: 2.0566 - val_accuracy: 0.2455
Epoch 3/20
243/243 [==============================] - 349s 1s/step - loss: 2.0023 - accuracy: 0.2703 - val_loss: 1.9874 - val_accuracy: 0.2607
Epoch 4/20
243/243 [==============================] - 347s 1s/step - loss: 1.9592 - accuracy: 0.2896 - val_loss: 1.9437 - val_accuracy: 0.2773
Epoch 5/20
243/243 [==============================] - 354s 1s/step - loss: 1.9236 - accuracy: 0.3014 - val_loss: 1.8826 - val_accuracy: 0.3105
Epoch 6/20
243/243 [==============================] - 351s 1s/step - loss: 1.8862 - accuracy: 0.3122 - val_loss: 1.9069 - val_accuracy: 0.3114
Epoch 7/20
243/243 [==============================] - 346s 1s/step - loss: 1.8658 - accuracy: 0.3244 - val_loss: 1.8328 - val_accuracy: 0.3366
Epoch 8/20
243/243 [==============================] - 350s 1s/step - loss: 1.8464 - accuracy: 0.3333 - val_loss: 1.8616 - val_accuracy: 0.3271
Epoch 9/20
243/243 [==============================] - 354s 1s/step - loss: 1.8242 - accuracy: 0.3405 - val_loss: 1.8022 - val_accuracy: 0.3489
Epoch 10/20
243/243 [==============================] - 355s 1s/step - loss: 1.8026 - accuracy: 0.3495 - val_loss: 1.7643 - val_accuracy: 0.3679
Epoch 11/20
243/243 [==============================] - 355s 1s/step - loss: 1.7859 - accuracy: 0.3502 - val_loss: 1.7644 - val_accuracy: 0.3538
Epoch 12/20
243/243 [==============================] - 352s 1s/step - loss: 1.7741 - accuracy: 0.3603 - val_loss: 1.7889 - val_accuracy: 0.3468
Epoch 13/20
243/243 [==============================] - 354s 1s/step - loss: 1.7589 - accuracy: 0.3650 - val_loss: 1.7281 - val_accuracy: 0.3803
Epoch 14/20
243/243 [==============================] - 351s 1s/step - loss: 1.7469 - accuracy: 0.3678 - val_loss: 1.7654 - val_accuracy: 0.3536
Epoch 15/20
243/243 [==============================] - 356s 1s/step - loss: 1.7361 - accuracy: 0.3743 - val_loss: 1.7488 - val_accuracy: 0.3667
Epoch 16/20
243/243 [==============================] - 355s 1s/step - loss: 1.7248 - accuracy: 0.3757 - val_loss: 1.7099 - val_accuracy: 0.3843
Epoch 17/20
243/243 [==============================] - 353s 1s/step - loss: 1.7140 - accuracy: 0.3828 - val_loss: 1.6994 - val_accuracy: 0.3798
Epoch 18/20
243/243 [==============================] - 351s 1s/step - loss: 1.7022 - accuracy: 0.3887 - val_loss: 1.6819 - val_accuracy: 0.3920
Epoch 19/20
243/243 [==============================] - 352s 1s/step - loss: 1.6914 - accuracy: 0.3933 - val_loss: 1.7515 - val_accuracy: 0.3661
Epoch 20/20
243/243 [==============================] - 348s 1s/step - loss: 1.6788 - accuracy: 0.3945 - val_loss: 1.6962 - val_accuracy: 0.3911
52/52 [==============================] - 42s 811ms/step - loss: 1.7225 - accuracy: 0.3744