Found 30990 images belonging to 10 classes.
Found 6640 images belonging to 10 classes.
Found 6650 images belonging to 10 classes.
Model: "sequential"
_________________________________________________________________
 Layer (type)                Output Shape              Param #   
=================================================================
 conv2d (Conv2D)             (None, 222, 222, 32)      896       
                                                                 
 max_pooling2d (MaxPooling2D  (None, 111, 111, 32)     0         
 )                                                               
                                                                 
 conv2d_1 (Conv2D)           (None, 109, 109, 64)      18496     
                                                                 
 max_pooling2d_1 (MaxPooling  (None, 54, 54, 64)       0         
 2D)                                                             
                                                                 
 conv2d_2 (Conv2D)           (None, 52, 52, 64)        36928     
                                                                 
 max_pooling2d_2 (MaxPooling  (None, 26, 26, 64)       0         
 2D)                                                             
                                                                 
 conv2d_3 (Conv2D)           (None, 24, 24, 64)        36928     
                                                                 
 max_pooling2d_3 (MaxPooling  (None, 12, 12, 64)       0         
 2D)                                                             
                                                                 
 conv2d_4 (Conv2D)           (None, 10, 10, 64)        36928     
                                                                 
 max_pooling2d_4 (MaxPooling  (None, 5, 5, 64)         0         
 2D)                                                             
                                                                 
 flatten (Flatten)           (None, 1600)              0         
                                                                 
 dense (Dense)               (None, 128)               204928    
                                                                 
 dense_1 (Dense)             (None, 10)                1290      
                                                                 
=================================================================
Total params: 336,394
Trainable params: 336,394
Non-trainable params: 0
_________________________________________________________________
None
2023-07-09 16:26:22.778227: W tensorflow/tsl/platform/profile_utils/cpu_utils.cc:128] Failed to get CPU frequency: 0 Hz
Epoch 1/30
243/243 [==============================] - 345s 1s/step - loss: 2.2092 - accuracy: 0.1749 - val_loss: 2.1972 - val_accuracy: 0.1870
Epoch 2/30
243/243 [==============================] - 344s 1s/step - loss: 2.1007 - accuracy: 0.2340 - val_loss: 2.0645 - val_accuracy: 0.2375
Epoch 3/30
243/243 [==============================] - 345s 1s/step - loss: 2.0417 - accuracy: 0.2564 - val_loss: 1.9958 - val_accuracy: 0.2750
Epoch 4/30
243/243 [==============================] - 345s 1s/step - loss: 2.0020 - accuracy: 0.2721 - val_loss: 1.9646 - val_accuracy: 0.2863
Epoch 5/30
243/243 [==============================] - 348s 1s/step - loss: 1.9650 - accuracy: 0.2882 - val_loss: 1.9320 - val_accuracy: 0.3026
Epoch 6/30
243/243 [==============================] - 348s 1s/step - loss: 1.9375 - accuracy: 0.3024 - val_loss: 1.9365 - val_accuracy: 0.2881
Epoch 7/30
243/243 [==============================] - 1493s 6s/step - loss: 1.9094 - accuracy: 0.3075 - val_loss: 1.8581 - val_accuracy: 0.3255
Epoch 8/30
243/243 [==============================] - 347s 1s/step - loss: 1.8790 - accuracy: 0.3205 - val_loss: 1.8580 - val_accuracy: 0.3253
Epoch 9/30
243/243 [==============================] - 344s 1s/step - loss: 1.8540 - accuracy: 0.3332 - val_loss: 1.8287 - val_accuracy: 0.3414
Epoch 10/30
243/243 [==============================] - 344s 1s/step - loss: 1.8365 - accuracy: 0.3385 - val_loss: 1.8270 - val_accuracy: 0.3274
Epoch 11/30
243/243 [==============================] - 344s 1s/step - loss: 1.8125 - accuracy: 0.3467 - val_loss: 1.8391 - val_accuracy: 0.3318
Epoch 12/30
243/243 [==============================] - 345s 1s/step - loss: 1.7987 - accuracy: 0.3515 - val_loss: 1.8148 - val_accuracy: 0.3467
Epoch 13/30
243/243 [==============================] - 345s 1s/step - loss: 1.7775 - accuracy: 0.3625 - val_loss: 1.8202 - val_accuracy: 0.3396
Epoch 14/30
243/243 [==============================] - 345s 1s/step - loss: 1.7632 - accuracy: 0.3691 - val_loss: 1.7452 - val_accuracy: 0.3780
Epoch 15/30
243/243 [==============================] - 347s 1s/step - loss: 1.7481 - accuracy: 0.3693 - val_loss: 1.7402 - val_accuracy: 0.3669
Epoch 16/30
243/243 [==============================] - 343s 1s/step - loss: 1.7367 - accuracy: 0.3780 - val_loss: 1.7817 - val_accuracy: 0.3526
Epoch 17/30
243/243 [==============================] - 344s 1s/step - loss: 1.7205 - accuracy: 0.3814 - val_loss: 1.7795 - val_accuracy: 0.3648
Epoch 18/30
243/243 [==============================] - 342s 1s/step - loss: 1.7180 - accuracy: 0.3842 - val_loss: 1.7234 - val_accuracy: 0.3798
Epoch 19/30
243/243 [==============================] - 344s 1s/step - loss: 1.6993 - accuracy: 0.3905 - val_loss: 1.7344 - val_accuracy: 0.3864
Epoch 20/30
243/243 [==============================] - 343s 1s/step - loss: 1.6894 - accuracy: 0.3933 - val_loss: 1.7376 - val_accuracy: 0.3804
Epoch 21/30
243/243 [==============================] - 341s 1s/step - loss: 1.6778 - accuracy: 0.3995 - val_loss: 1.7137 - val_accuracy: 0.3881
Epoch 22/30
243/243 [==============================] - 342s 1s/step - loss: 1.6656 - accuracy: 0.4062 - val_loss: 1.7005 - val_accuracy: 0.3899
Epoch 23/30
243/243 [==============================] - 341s 1s/step - loss: 1.6537 - accuracy: 0.4067 - val_loss: 1.7150 - val_accuracy: 0.3863
Epoch 24/30
243/243 [==============================] - 342s 1s/step - loss: 1.6502 - accuracy: 0.4110 - val_loss: 1.7458 - val_accuracy: 0.3782
Epoch 25/30
243/243 [==============================] - 341s 1s/step - loss: 1.6419 - accuracy: 0.4140 - val_loss: 1.7217 - val_accuracy: 0.3815
Epoch 26/30
243/243 [==============================] - 340s 1s/step - loss: 1.6328 - accuracy: 0.4166 - val_loss: 1.6996 - val_accuracy: 0.3872
Epoch 27/30
243/243 [==============================] - 341s 1s/step - loss: 1.6245 - accuracy: 0.4216 - val_loss: 1.6756 - val_accuracy: 0.3989
Epoch 28/30
243/243 [==============================] - 340s 1s/step - loss: 1.6120 - accuracy: 0.4247 - val_loss: 1.6736 - val_accuracy: 0.4011
Epoch 29/30
243/243 [==============================] - 342s 1s/step - loss: 1.6104 - accuracy: 0.4214 - val_loss: 1.6882 - val_accuracy: 0.3943
Epoch 30/30
243/243 [==============================] - 341s 1s/step - loss: 1.6015 - accuracy: 0.4255 - val_loss: 1.7695 - val_accuracy: 0.3700
52/52 [==============================] - 43s 817ms/step - loss: 1.8039 - accuracy: 0.3468