Found 30990 images belonging to 10 classes.
Found 6640 images belonging to 10 classes.
Found 6650 images belonging to 10 classes.
Model: "sequential"
_________________________________________________________________
 Layer (type)                Output Shape              Param #   
=================================================================
 conv2d (Conv2D)             (None, 222, 222, 32)      896       
                                                                 
 max_pooling2d (MaxPooling2D  (None, 111, 111, 32)     0         
 )                                                               
                                                                 
 conv2d_1 (Conv2D)           (None, 109, 109, 64)      18496     
                                                                 
 max_pooling2d_1 (MaxPooling  (None, 54, 54, 64)       0         
 2D)                                                             
                                                                 
 conv2d_2 (Conv2D)           (None, 52, 52, 64)        36928     
                                                                 
 max_pooling2d_2 (MaxPooling  (None, 26, 26, 64)       0         
 2D)                                                             
                                                                 
 conv2d_3 (Conv2D)           (None, 24, 24, 64)        36928     
                                                                 
 max_pooling2d_3 (MaxPooling  (None, 12, 12, 64)       0         
 2D)                                                             
                                                                 
 conv2d_4 (Conv2D)           (None, 10, 10, 64)        36928     
                                                                 
 max_pooling2d_4 (MaxPooling  (None, 5, 5, 64)         0         
 2D)                                                             
                                                                 
 flatten (Flatten)           (None, 1600)              0         
                                                                 
 dense (Dense)               (None, 128)               204928    
                                                                 
 dense_1 (Dense)             (None, 10)                1290      
                                                                 
=================================================================
Total params: 336,394
Trainable params: 336,394
Non-trainable params: 0
_________________________________________________________________
None
2023-07-09 10:09:49.138022: W tensorflow/tsl/platform/profile_utils/cpu_utils.cc:128] Failed to get CPU frequency: 0 Hz
Epoch 1/30
243/243 [==============================] - 347s 1s/step - loss: 2.3053 - accuracy: 0.1096 - val_loss: 2.3037 - val_accuracy: 0.1081
Epoch 2/30
243/243 [==============================] - 350s 1s/step - loss: 2.3027 - accuracy: 0.1061 - val_loss: 2.3017 - val_accuracy: 0.1033
Epoch 3/30
243/243 [==============================] - 347s 1s/step - loss: 2.3010 - accuracy: 0.1016 - val_loss: 2.3004 - val_accuracy: 0.1032
Epoch 4/30
243/243 [==============================] - 348s 1s/step - loss: 2.3000 - accuracy: 0.1009 - val_loss: 2.2992 - val_accuracy: 0.1011
Epoch 5/30
243/243 [==============================] - 348s 1s/step - loss: 2.2991 - accuracy: 0.1015 - val_loss: 2.2987 - val_accuracy: 0.1005
Epoch 6/30
243/243 [==============================] - 350s 1s/step - loss: 2.2986 - accuracy: 0.1012 - val_loss: 2.2978 - val_accuracy: 0.1009
Epoch 7/30
243/243 [==============================] - 349s 1s/step - loss: 2.2980 - accuracy: 0.1008 - val_loss: 2.2968 - val_accuracy: 0.1014
Epoch 8/30
243/243 [==============================] - 350s 1s/step - loss: 2.2973 - accuracy: 0.1003 - val_loss: 2.2966 - val_accuracy: 0.1024
Epoch 9/30
243/243 [==============================] - 349s 1s/step - loss: 2.2968 - accuracy: 0.1013 - val_loss: 2.2960 - val_accuracy: 0.1027
Epoch 10/30
243/243 [==============================] - 350s 1s/step - loss: 2.2964 - accuracy: 0.1015 - val_loss: 2.2953 - val_accuracy: 0.1038
Epoch 11/30
243/243 [==============================] - 350s 1s/step - loss: 2.2958 - accuracy: 0.1035 - val_loss: 2.2949 - val_accuracy: 0.1035
Epoch 12/30
243/243 [==============================] - 350s 1s/step - loss: 2.2954 - accuracy: 0.1035 - val_loss: 2.2946 - val_accuracy: 0.1017
Epoch 13/30
243/243 [==============================] - 350s 1s/step - loss: 2.2950 - accuracy: 0.1031 - val_loss: 2.2940 - val_accuracy: 0.1027
Epoch 14/30
243/243 [==============================] - 351s 1s/step - loss: 2.2945 - accuracy: 0.1053 - val_loss: 2.2937 - val_accuracy: 0.1038
Epoch 15/30
243/243 [==============================] - 348s 1s/step - loss: 2.2941 - accuracy: 0.1048 - val_loss: 2.2931 - val_accuracy: 0.1027
Epoch 16/30
243/243 [==============================] - 353s 1s/step - loss: 2.2936 - accuracy: 0.1056 - val_loss: 2.2930 - val_accuracy: 0.1026
Epoch 17/30
243/243 [==============================] - 357s 1s/step - loss: 2.2930 - accuracy: 0.1078 - val_loss: 2.2926 - val_accuracy: 0.1045
Epoch 18/30
243/243 [==============================] - 351s 1s/step - loss: 2.2925 - accuracy: 0.1052 - val_loss: 2.2918 - val_accuracy: 0.1066
Epoch 19/30
243/243 [==============================] - 355s 1s/step - loss: 2.2922 - accuracy: 0.1068 - val_loss: 2.2916 - val_accuracy: 0.1026
Epoch 20/30
243/243 [==============================] - 349s 1s/step - loss: 2.2918 - accuracy: 0.1069 - val_loss: 2.2911 - val_accuracy: 0.1042
Epoch 21/30
243/243 [==============================] - 346s 1s/step - loss: 2.2910 - accuracy: 0.1080 - val_loss: 2.2904 - val_accuracy: 0.1053
Epoch 22/30
243/243 [==============================] - 346s 1s/step - loss: 2.2908 - accuracy: 0.1070 - val_loss: 2.2901 - val_accuracy: 0.1056
Epoch 23/30
243/243 [==============================] - 347s 1s/step - loss: 2.2902 - accuracy: 0.1091 - val_loss: 2.2893 - val_accuracy: 0.1057
Epoch 24/30
243/243 [==============================] - 346s 1s/step - loss: 2.2894 - accuracy: 0.1085 - val_loss: 2.2887 - val_accuracy: 0.1069
Epoch 25/30
243/243 [==============================] - 347s 1s/step - loss: 2.2890 - accuracy: 0.1093 - val_loss: 2.2878 - val_accuracy: 0.1069
Epoch 26/30
243/243 [==============================] - 347s 1s/step - loss: 2.2884 - accuracy: 0.1113 - val_loss: 2.2870 - val_accuracy: 0.1096
Epoch 27/30
243/243 [==============================] - 348s 1s/step - loss: 2.2877 - accuracy: 0.1132 - val_loss: 2.2864 - val_accuracy: 0.1108
Epoch 28/30
243/243 [==============================] - 349s 1s/step - loss: 2.2872 - accuracy: 0.1138 - val_loss: 2.2862 - val_accuracy: 0.1108
Epoch 29/30
243/243 [==============================] - 353s 1s/step - loss: 2.2864 - accuracy: 0.1152 - val_loss: 2.2851 - val_accuracy: 0.1152
Epoch 30/30
243/243 [==============================] - 352s 1s/step - loss: 2.2856 - accuracy: 0.1158 - val_loss: 2.2846 - val_accuracy: 0.1164
52/52 [==============================] - 44s 837ms/step - loss: 2.2861 - accuracy: 0.1164