Found 30990 images belonging to 10 classes.
Found 6640 images belonging to 10 classes.
Found 6650 images belonging to 10 classes.
Model: "sequential"
_________________________________________________________________
 Layer (type)                Output Shape              Param #   
=================================================================
 conv2d (Conv2D)             (None, 222, 222, 32)      896       
                                                                 
 max_pooling2d (MaxPooling2D  (None, 111, 111, 32)     0         
 )                                                               
                                                                 
 conv2d_1 (Conv2D)           (None, 109, 109, 64)      18496     
                                                                 
 max_pooling2d_1 (MaxPooling  (None, 54, 54, 64)       0         
 2D)                                                             
                                                                 
 conv2d_2 (Conv2D)           (None, 52, 52, 64)        36928     
                                                                 
 max_pooling2d_2 (MaxPooling  (None, 26, 26, 64)       0         
 2D)                                                             
                                                                 
 conv2d_3 (Conv2D)           (None, 24, 24, 64)        36928     
                                                                 
 max_pooling2d_3 (MaxPooling  (None, 12, 12, 64)       0         
 2D)                                                             
                                                                 
 conv2d_4 (Conv2D)           (None, 10, 10, 64)        36928     
                                                                 
 max_pooling2d_4 (MaxPooling  (None, 5, 5, 64)         0         
 2D)                                                             
                                                                 
 conv2d_5 (Conv2D)           (None, 3, 3, 64)          36928     
                                                                 
 max_pooling2d_5 (MaxPooling  (None, 1, 1, 64)         0         
 2D)                                                             
                                                                 
 flatten (Flatten)           (None, 64)                0         
                                                                 
 dense (Dense)               (None, 300)               19500     
                                                                 
 dense_1 (Dense)             (None, 128)               38528     
                                                                 
 dense_2 (Dense)             (None, 10)                1290      
                                                                 
=================================================================
Total params: 226,422
Trainable params: 226,422
Non-trainable params: 0
_________________________________________________________________
None
2023-06-11 12:05:16.833998: W tensorflow/tsl/platform/profile_utils/cpu_utils.cc:128] Failed to get CPU frequency: 0 Hz
Epoch 1/20
243/243 [==============================] - 348s 1s/step - loss: 2.2125 - accuracy: 0.1618 - val_loss: 2.1479 - val_accuracy: 0.1932
Epoch 2/20
243/243 [==============================] - 347s 1s/step - loss: 2.1227 - accuracy: 0.2126 - val_loss: 2.0932 - val_accuracy: 0.2292
Epoch 3/20
243/243 [==============================] - 353s 1s/step - loss: 2.0733 - accuracy: 0.2368 - val_loss: 2.0261 - val_accuracy: 0.2592
Epoch 4/20
243/243 [==============================] - 357s 1s/step - loss: 2.0184 - accuracy: 0.2597 - val_loss: 1.9826 - val_accuracy: 0.2794
Epoch 5/20
243/243 [==============================] - 354s 1s/step - loss: 1.9764 - accuracy: 0.2773 - val_loss: 1.9558 - val_accuracy: 0.2807
Epoch 6/20
243/243 [==============================] - 1036s 4s/step - loss: 1.9388 - accuracy: 0.2894 - val_loss: 1.9143 - val_accuracy: 0.3005
Epoch 7/20
243/243 [==============================] - 356s 1s/step - loss: 1.9112 - accuracy: 0.3014 - val_loss: 1.8778 - val_accuracy: 0.3101
Epoch 8/20
243/243 [==============================] - 351s 1s/step - loss: 1.8840 - accuracy: 0.3122 - val_loss: 1.8806 - val_accuracy: 0.3169
Epoch 9/20
243/243 [==============================] - 352s 1s/step - loss: 1.8638 - accuracy: 0.3230 - val_loss: 1.8781 - val_accuracy: 0.3099
Epoch 10/20
243/243 [==============================] - 356s 1s/step - loss: 1.8477 - accuracy: 0.3288 - val_loss: 1.8672 - val_accuracy: 0.3206
Epoch 11/20
243/243 [==============================] - 359s 1s/step - loss: 1.8369 - accuracy: 0.3326 - val_loss: 1.8179 - val_accuracy: 0.3373
Epoch 12/20
243/243 [==============================] - 361s 1s/step - loss: 1.8174 - accuracy: 0.3399 - val_loss: 1.8223 - val_accuracy: 0.3324
Epoch 13/20
202/243 [=======================>......] - ETA: 53s - loss: 1.808                      203/243 [========================>.....] - ETA: 51s - loss: 1.8085 -                                            204/243 [========================>.....] - ETA: 50s - loss: 1.8083 -                                                                   205/243 [========================>.....] - ETA: 49s - loss: 1.8086 -                                                                                         206/243 [========================>.....] - ETA: 47s - loss: 1.8087 -                                                                                                  207/243 [========================>.....] - ETA: 46s - loss: 1.8087 -                                                                                                  208/243 [========================>.....] - ETA: 45s - loss: 1.8085 -           209/243 [========================>.....] - ETA: 44s - loss: 1.8083 -                                 210/243 [========================>.....] - ETA: 42s - loss: 1.8078 -                                                       211/243 [=========================>....] - ETA: 41s - loss: 1.8078 -                                                                             243/243 [==============================] - 361s 1s/step - loss: 1.8075 - accuracy: 0.3444 - val_loss: 1.8298 - val_accuracy: 0.3277
Epoch 14/20
243/243 [==============================] - 356s 1s/step - loss: 1.7910 - accuracy: 0.3497 - val_loss: 1.7890 - val_accuracy: 0.3455
Epoch 15/20
243/243 [==============================] - 348s 1s/step - loss: 1.7810 - accuracy: 0.3510 - val_loss: 1.7892 - val_accuracy: 0.3396
Epoch 16/20
243/243 [==============================] - 353s 1s/step - loss: 1.7695 - accuracy: 0.3607 - val_loss: 1.7820 - val_accuracy: 0.3500
Epoch 17/20
243/243 [==============================] - 347s 1s/step - loss: 1.7534 - accuracy: 0.3649 - val_loss: 1.7618 - val_accuracy: 0.3586
Epoch 18/20
243/243 [==============================] - 686s 3s/step - loss: 1.7526 - accuracy: 0.3655 - val_loss: 1.7767 - val_accuracy: 0.3541
Epoch 19/20
243/243 [==============================] - 345s 1s/step - loss: 1.7472 - accuracy: 0.3681 - val_loss: 1.7684 - val_accuracy: 0.3568
Epoch 20/20
243/243 [==============================] - 345s 1s/step - loss: 1.7269 - accuracy: 0.3728 - val_loss: 1.7417 - val_accuracy: 0.3639
52/52 [==============================] - 42s 807ms/step - loss: 1.7764 - accuracy: 0.3516