Found 30990 images belonging to 10 classes.
Found 6640 images belonging to 10 classes.
Found 6650 images belonging to 10 classes.
Model: "sequential"
_________________________________________________________________
 Layer (type)                Output Shape              Param #   
=================================================================
 conv2d (Conv2D)             (None, 222, 222, 32)      896       
                                                                 
 max_pooling2d (MaxPooling2D  (None, 111, 111, 32)     0         
 )                                                               
                                                                 
 conv2d_1 (Conv2D)           (None, 109, 109, 64)      18496     
                                                                 
 max_pooling2d_1 (MaxPooling  (None, 54, 54, 64)       0         
 2D)                                                             
                                                                 
 conv2d_2 (Conv2D)           (None, 52, 52, 64)        36928     
                                                                 
 max_pooling2d_2 (MaxPooling  (None, 26, 26, 64)       0         
 2D)                                                             
                                                                 
 conv2d_3 (Conv2D)           (None, 24, 24, 64)        36928     
                                                                 
 max_pooling2d_3 (MaxPooling  (None, 12, 12, 64)       0         
 2D)                                                             
                                                                 
 conv2d_4 (Conv2D)           (None, 10, 10, 64)        36928     
                                                                 
 max_pooling2d_4 (MaxPooling  (None, 5, 5, 64)         0         
 2D)                                                             
                                                                 
 flatten (Flatten)           (None, 1600)              0         
                                                                 
 dense (Dense)               (None, 128)               204928    
                                                                 
 dense_1 (Dense)             (None, 10)                1290      
                                                                 
=================================================================
Total params: 336,394
Trainable params: 336,394
Non-trainable params: 0
_________________________________________________________________
None
2023-07-10 09:26:01.164384: W tensorflow/tsl/platform/profile_utils/cpu_utils.cc:128] Failed to get CPU frequency: 0 Hz
Epoch 1/20
243/243 [==============================] - 352s 1s/step - loss: 2.1605 - accuracy: 0.2110 - val_loss: 2.0959 - val_accuracy: 0.2408
Epoch 2/20
243/243 [==============================] - 352s 1s/step - loss: 2.0534 - accuracy: 0.2560 - val_loss: 2.0033 - val_accuracy: 0.2708
Epoch 3/20
243/243 [==============================] - 354s 1s/step - loss: 1.9871 - accuracy: 0.2782 - val_loss: 1.9495 - val_accuracy: 0.2941
Epoch 4/20
243/243 [==============================] - 356s 1s/step - loss: 1.9302 - accuracy: 0.3038 - val_loss: 1.9202 - val_accuracy: 0.3059
Epoch 5/20
243/243 [==============================] - 358s 1s/step - loss: 1.8906 - accuracy: 0.3170 - val_loss: 1.8556 - val_accuracy: 0.3262
Epoch 6/20
243/243 [==============================] - 369s 2s/step - loss: 1.8639 - accuracy: 0.3283 - val_loss: 1.8456 - val_accuracy: 0.3346
Epoch 7/20
243/243 [==============================] - 366s 2s/step - loss: 1.8286 - accuracy: 0.3364 - val_loss: 1.8135 - val_accuracy: 0.3435
Epoch 8/20
243/243 [==============================] - 495s 2s/step - loss: 1.8086 - accuracy: 0.3500 - val_loss: 1.8040 - val_accuracy: 0.3467
Epoch 9/20
243/243 [==============================] - 363s 1s/step - loss: 1.7974 - accuracy: 0.3531 - val_loss: 1.8069 - val_accuracy: 0.3488
Epoch 10/20
243/243 [==============================] - 365s 1s/step - loss: 1.7778 - accuracy: 0.3584 - val_loss: 1.7639 - val_accuracy: 0.3589
Epoch 11/20
243/243 [==============================] - 363s 1s/step - loss: 1.7613 - accuracy: 0.3662 - val_loss: 1.7705 - val_accuracy: 0.3589
Epoch 12/20
243/243 [==============================] - 393s 2s/step - loss: 1.7469 - accuracy: 0.3711 - val_loss: 1.7728 - val_accuracy: 0.3583
Epoch 13/20
243/243 [==============================] - 369s 2s/step - loss: 1.7401 - accuracy: 0.3736 - val_loss: 1.7323 - val_accuracy: 0.3761
Epoch 14/20
243/243 [==============================] - 374s 2s/step - loss: 1.7244 - accuracy: 0.3791 - val_loss: 1.7344 - val_accuracy: 0.3824
Epoch 15/20
243/243 [==============================] - 364s 1s/step - loss: 1.7052 - accuracy: 0.3835 - val_loss: 1.7569 - val_accuracy: 0.3679
Epoch 16/20
243/243 [==============================] - 366s 2s/step - loss: 1.7080 - accuracy: 0.3864 - val_loss: 1.7327 - val_accuracy: 0.3720
Epoch 17/20
243/243 [==============================] - 366s 2s/step - loss: 1.6928 - accuracy: 0.3907 - val_loss: 1.7051 - val_accuracy: 0.3810
Epoch 18/20
243/243 [==============================] - 362s 1s/step - loss: 1.6795 - accuracy: 0.3964 - val_loss: 1.6941 - val_accuracy: 0.3860
Epoch 19/20
243/243 [==============================] - 372s 2s/step - loss: 1.6752 - accuracy: 0.3964 - val_loss: 1.6855 - val_accuracy: 0.3851
Epoch 20/20
243/243 [==============================] - 359s 1s/step - loss: 1.6747 - accuracy: 0.3961 - val_loss: 1.6927 - val_accuracy: 0.3881
52/52 [==============================] - 47s 908ms/step - loss: 1.7249 - accuracy: 0.3699