Found 30990 images belonging to 10 classes.
Found 6640 images belonging to 10 classes.
Found 6650 images belonging to 10 classes.
Model: "sequential"
_________________________________________________________________
 Layer (type)                Output Shape              Param #   
=================================================================
 conv2d (Conv2D)             (None, 222, 222, 32)      896       
                                                                 
 max_pooling2d (MaxPooling2D  (None, 111, 111, 32)     0         
 )                                                               
                                                                 
 conv2d_1 (Conv2D)           (None, 109, 109, 64)      18496     
                                                                 
 max_pooling2d_1 (MaxPooling  (None, 54, 54, 64)       0         
 2D)                                                             
                                                                 
 conv2d_2 (Conv2D)           (None, 52, 52, 64)        36928     
                                                                 
 max_pooling2d_2 (MaxPooling  (None, 26, 26, 64)       0         
 2D)                                                             
                                                                 
 conv2d_3 (Conv2D)           (None, 24, 24, 64)        36928     
                                                                 
 max_pooling2d_3 (MaxPooling  (None, 12, 12, 64)       0         
 2D)                                                             
                                                                 
 conv2d_4 (Conv2D)           (None, 10, 10, 64)        36928     
                                                                 
 max_pooling2d_4 (MaxPooling  (None, 5, 5, 64)         0         
 2D)                                                             
                                                                 
 flatten (Flatten)           (None, 1600)              0         
                                                                 
 dense (Dense)               (None, 128)               204928    
                                                                 
 dense_1 (Dense)             (None, 10)                1290      
                                                                 
=================================================================
Total params: 336,394
Trainable params: 336,394
Non-trainable params: 0
_________________________________________________________________
None
2023-07-09 19:56:57.138517: W tensorflow/tsl/platform/profile_utils/cpu_utils.cc:128] Failed to get CPU frequency: 0 Hz
Epoch 1/20
243/243 [==============================] - 371s 2s/step - loss: 2.1599 - accuracy: 0.2079 - val_loss: 2.0752 - val_accuracy: 0.2438
Epoch 2/20
243/243 [==============================] - 374s 2s/step - loss: 2.0514 - accuracy: 0.2599 - val_loss: 2.0078 - val_accuracy: 0.2768
Epoch 3/20
243/243 [==============================] - 419s 2s/step - loss: 2.0047 - accuracy: 0.2737 - val_loss: 1.9719 - val_accuracy: 0.2883
Epoch 4/20
243/243 [==============================] - 419s 2s/step - loss: 1.9671 - accuracy: 0.2896 - val_loss: 1.9295 - val_accuracy: 0.2950
Epoch 5/20
243/243 [==============================] - 436s 2s/step - loss: 1.9332 - accuracy: 0.3023 - val_loss: 1.9097 - val_accuracy: 0.2989
Epoch 6/20
243/243 [==============================] - 386s 2s/step - loss: 1.9047 - accuracy: 0.3111 - val_loss: 1.8636 - val_accuracy: 0.3267
Epoch 7/20
243/243 [==============================] - 514s 2s/step - loss: 1.8784 - accuracy: 0.3211 - val_loss: 1.8434 - val_accuracy: 0.3256
Epoch 8/20
243/243 [==============================] - 363s 1s/step - loss: 1.8483 - accuracy: 0.3293 - val_loss: 1.8250 - val_accuracy: 0.3414
Epoch 9/20
243/243 [==============================] - 363s 1s/step - loss: 1.8248 - accuracy: 0.3418 - val_loss: 1.8034 - val_accuracy: 0.3532
Epoch 10/20
243/243 [==============================] - 366s 2s/step - loss: 1.8047 - accuracy: 0.3483 - val_loss: 1.7919 - val_accuracy: 0.3511
Epoch 11/20
243/243 [==============================] - 363s 1s/step - loss: 1.7923 - accuracy: 0.3546 - val_loss: 1.7817 - val_accuracy: 0.3562
Epoch 12/20
243/243 [==============================] - 362s 1s/step - loss: 1.7713 - accuracy: 0.3626 - val_loss: 1.7711 - val_accuracy: 0.3548
Epoch 13/20
243/243 [==============================] - 362s 1s/step - loss: 1.7659 - accuracy: 0.3632 - val_loss: 1.7478 - val_accuracy: 0.3658
Epoch 14/20
243/243 [==============================] - 363s 1s/step - loss: 1.7475 - accuracy: 0.3711 - val_loss: 1.7426 - val_accuracy: 0.3681
Epoch 15/20
243/243 [==============================] - 362s 1s/step - loss: 1.7438 - accuracy: 0.3746 - val_loss: 1.7384 - val_accuracy: 0.3721
Epoch 16/20
243/243 [==============================] - 363s 1s/step - loss: 1.7345 - accuracy: 0.3775 - val_loss: 1.7255 - val_accuracy: 0.3767
Epoch 17/20
243/243 [==============================] - 364s 1s/step - loss: 1.7287 - accuracy: 0.3823 - val_loss: 1.7295 - val_accuracy: 0.3768
Epoch 18/20
243/243 [==============================] - 363s 1s/step - loss: 1.7119 - accuracy: 0.3857 - val_loss: 1.7504 - val_accuracy: 0.3684
Epoch 19/20
243/243 [==============================] - 365s 2s/step - loss: 1.7086 - accuracy: 0.3851 - val_loss: 1.7258 - val_accuracy: 0.3764
Epoch 20/20
243/243 [==============================] - 363s 1s/step - loss: 1.7098 - accuracy: 0.3884 - val_loss: 1.6869 - val_accuracy: 0.3931
52/52 [==============================] - 43s 812ms/step - loss: 1.7195 - accuracy: 0.3729