Found 30990 images belonging to 10 classes.
Found 6640 images belonging to 10 classes.
Found 6650 images belonging to 10 classes.
Model: "xception"
__________________________________________________________________________________________________
 Layer (type)                   Output Shape         Param #     Connected to                     
==================================================================================================
 input_1 (InputLayer)           [(None, 299, 299, 3  0           []                               
                                )]                                                                
                                                                                                  
 block1_conv1 (Conv2D)          (None, 149, 149, 32  864         ['input_1[0][0]']                
                                )                                                                 
                                                                                                  
 block1_conv1_bn (BatchNormaliz  (None, 149, 149, 32  128        ['block1_conv1[0][0]']           
 ation)                         )                                                                 
                                                                                                  
 block1_conv1_act (Activation)  (None, 149, 149, 32  0           ['block1_conv1_bn[0][0]']        
                                )                                                                 
                                                                                                  
 block1_conv2 (Conv2D)          (None, 147, 147, 64  18432       ['block1_conv1_act[0][0]']       
                                )                                                                 
                                                                                                  
 block1_conv2_bn (BatchNormaliz  (None, 147, 147, 64  256        ['block1_conv2[0][0]']           
 ation)                         )                                                                 
                                                                                                  
 block1_conv2_act (Activation)  (None, 147, 147, 64  0           ['block1_conv2_bn[0][0]']        
                                )                                                                 
                                                                                                  
 block2_sepconv1 (SeparableConv  (None, 147, 147, 12  8768       ['block1_conv2_act[0][0]']       
 2D)                            8)                                                                
                                                                                                  
 block2_sepconv1_bn (BatchNorma  (None, 147, 147, 12  512        ['block2_sepconv1[0][0]']        
 lization)                      8)                                                                
                                                                                                  
 block2_sepconv2_act (Activatio  (None, 147, 147, 12  0          ['block2_sepconv1_bn[0][0]']     
 n)                             8)                                                                
                                                                                                  
 block2_sepconv2 (SeparableConv  (None, 147, 147, 12  17536      ['block2_sepconv2_act[0][0]']    
 2D)                            8)                                                                
                                                                                                  
 block2_sepconv2_bn (BatchNorma  (None, 147, 147, 12  512        ['block2_sepconv2[0][0]']        
 lization)                      8)                                                                
                                                                                                  
 conv2d (Conv2D)                (None, 74, 74, 128)  8192        ['block1_conv2_act[0][0]']       
                                                                                                  
 block2_pool (MaxPooling2D)     (None, 74, 74, 128)  0           ['block2_sepconv2_bn[0][0]']     
                                                                                                  
 batch_normalization (BatchNorm  (None, 74, 74, 128)  512        ['conv2d[0][0]']                 
 alization)                                                                                       
                                                                                                  
 add (Add)                      (None, 74, 74, 128)  0           ['block2_pool[0][0]',            
                                                                  'batch_normalization[0][0]']    
                                                                                                  
 block3_sepconv1_act (Activatio  (None, 74, 74, 128)  0          ['add[0][0]']                    
 n)                                                                                               
                                                                                                  
 block3_sepconv1 (SeparableConv  (None, 74, 74, 256)  33920      ['block3_sepconv1_act[0][0]']    
 2D)                                                                                              
                                                                                                  
 block3_sepconv1_bn (BatchNorma  (None, 74, 74, 256)  1024       ['block3_sepconv1[0][0]']        
 lization)                                                                                        
                                                                                                  
 block3_sepconv2_act (Activatio  (None, 74, 74, 256)  0          ['block3_sepconv1_bn[0][0]']     
 n)                                                                                               
                                                                                                  
 block3_sepconv2 (SeparableConv  (None, 74, 74, 256)  67840      ['block3_sepconv2_act[0][0]']    
 2D)                                                                                              
                                                                                                  
 block3_sepconv2_bn (BatchNorma  (None, 74, 74, 256)  1024       ['block3_sepconv2[0][0]']        
 lization)                                                                                        
                                                                                                  
 conv2d_1 (Conv2D)              (None, 37, 37, 256)  32768       ['add[0][0]']                    
                                                                                                  
 block3_pool (MaxPooling2D)     (None, 37, 37, 256)  0           ['block3_sepconv2_bn[0][0]']     
                                                                                                  
 batch_normalization_1 (BatchNo  (None, 37, 37, 256)  1024       ['conv2d_1[0][0]']               
 rmalization)                                                                                     
                                                                                                  
 add_1 (Add)                    (None, 37, 37, 256)  0           ['block3_pool[0][0]',            
                                                                  'batch_normalization_1[0][0]']  
                                                                                                  
 block4_sepconv1_act (Activatio  (None, 37, 37, 256)  0          ['add_1[0][0]']                  
 n)                                                                                               
                                                                                                  
 block4_sepconv1 (SeparableConv  (None, 37, 37, 728)  188672     ['block4_sepconv1_act[0][0]']    
 2D)                                                                                              
                                                                                                  
 block4_sepconv1_bn (BatchNorma  (None, 37, 37, 728)  2912       ['block4_sepconv1[0][0]']        
 lization)                                                                                        
                                                                                                  
 block4_sepconv2_act (Activatio  (None, 37, 37, 728)  0          ['block4_sepconv1_bn[0][0]']     
 n)                                                                                               
                                                                                                  
 block4_sepconv2 (SeparableConv  (None, 37, 37, 728)  536536     ['block4_sepconv2_act[0][0]']    
 2D)                                                                                              
                                                                                                  
 block4_sepconv2_bn (BatchNorma  (None, 37, 37, 728)  2912       ['block4_sepconv2[0][0]']        
 lization)                                                                                        
                                                                                                  
 conv2d_2 (Conv2D)              (None, 19, 19, 728)  186368      ['add_1[0][0]']                  
                                                                                                  
 block4_pool (MaxPooling2D)     (None, 19, 19, 728)  0           ['block4_sepconv2_bn[0][0]']     
                                                                                                  
 batch_normalization_2 (BatchNo  (None, 19, 19, 728)  2912       ['conv2d_2[0][0]']               
 rmalization)                                                                                     
                                                                                                  
 add_2 (Add)                    (None, 19, 19, 728)  0           ['block4_pool[0][0]',            
                                                                  'batch_normalization_2[0][0]']  
                                                                                                  
 block5_sepconv1_act (Activatio  (None, 19, 19, 728)  0          ['add_2[0][0]']                  
 n)                                                                                               
                                                                                                  
 block5_sepconv1 (SeparableConv  (None, 19, 19, 728)  536536     ['block5_sepconv1_act[0][0]']    
 2D)                                                                                              
                                                                                                  
 block5_sepconv1_bn (BatchNorma  (None, 19, 19, 728)  2912       ['block5_sepconv1[0][0]']        
 lization)                                                                                        
                                                                                                  
 block5_sepconv2_act (Activatio  (None, 19, 19, 728)  0          ['block5_sepconv1_bn[0][0]']     
 n)                                                                                               
                                                                                                  
 block5_sepconv2 (SeparableConv  (None, 19, 19, 728)  536536     ['block5_sepconv2_act[0][0]']    
 2D)                                                                                              
                                                                                                  
 block5_sepconv2_bn (BatchNorma  (None, 19, 19, 728)  2912       ['block5_sepconv2[0][0]']        
 lization)                                                                                        
                                                                                                  
 block5_sepconv3_act (Activatio  (None, 19, 19, 728)  0          ['block5_sepconv2_bn[0][0]']     
 n)                                                                                               
                                                                                                  
 block5_sepconv3 (SeparableConv  (None, 19, 19, 728)  536536     ['block5_sepconv3_act[0][0]']    
 2D)                                                                                              
                                                                                                  
 block5_sepconv3_bn (BatchNorma  (None, 19, 19, 728)  2912       ['block5_sepconv3[0][0]']        
 lization)                                                                                        
                                                                                                  
 add_3 (Add)                    (None, 19, 19, 728)  0           ['block5_sepconv3_bn[0][0]',     
                                                                  'add_2[0][0]']                  
                                                                                                  
 block6_sepconv1_act (Activatio  (None, 19, 19, 728)  0          ['add_3[0][0]']                  
 n)                                                                                               
                                                                                                  
 block6_sepconv1 (SeparableConv  (None, 19, 19, 728)  536536     ['block6_sepconv1_act[0][0]']    
 2D)                                                                                              
                                                                                                  
 block6_sepconv1_bn (BatchNorma  (None, 19, 19, 728)  2912       ['block6_sepconv1[0][0]']        
 lization)                                                                                        
                                                                                                  
 block6_sepconv2_act (Activatio  (None, 19, 19, 728)  0          ['block6_sepconv1_bn[0][0]']     
 n)                                                                                               
                                                                                                  
 block6_sepconv2 (SeparableConv  (None, 19, 19, 728)  536536     ['block6_sepconv2_act[0][0]']    
 2D)                                                                                              
                                                                                                  
 block6_sepconv2_bn (BatchNorma  (None, 19, 19, 728)  2912       ['block6_sepconv2[0][0]']        
 lization)                                                                                        
                                                                                                  
 block6_sepconv3_act (Activatio  (None, 19, 19, 728)  0          ['block6_sepconv2_bn[0][0]']     
 n)                                                                                               
                                                                                                  
 block6_sepconv3 (SeparableConv  (None, 19, 19, 728)  536536     ['block6_sepconv3_act[0][0]']    
 2D)                                                                                              
                                                                                                  
 block6_sepconv3_bn (BatchNorma  (None, 19, 19, 728)  2912       ['block6_sepconv3[0][0]']        
 lization)                                                                                        
                                                                                                  
 add_4 (Add)                    (None, 19, 19, 728)  0           ['block6_sepconv3_bn[0][0]',     
                                                                  'add_3[0][0]']                  
                                                                                                  
 block7_sepconv1_act (Activatio  (None, 19, 19, 728)  0          ['add_4[0][0]']                  
 n)                                                                                               
                                                                                                  
 block7_sepconv1 (SeparableConv  (None, 19, 19, 728)  536536     ['block7_sepconv1_act[0][0]']    
 2D)                                                                                              
                                                                                                  
 block7_sepconv1_bn (BatchNorma  (None, 19, 19, 728)  2912       ['block7_sepconv1[0][0]']        
 lization)                                                                                        
                                                                                                  
 block7_sepconv2_act (Activatio  (None, 19, 19, 728)  0          ['block7_sepconv1_bn[0][0]']     
 n)                                                                                               
                                                                                                  
 block7_sepconv2 (SeparableConv  (None, 19, 19, 728)  536536     ['block7_sepconv2_act[0][0]']    
 2D)                                                                                              
                                                                                                  
 block7_sepconv2_bn (BatchNorma  (None, 19, 19, 728)  2912       ['block7_sepconv2[0][0]']        
 lization)                                                                                        
                                                                                                  
 block7_sepconv3_act (Activatio  (None, 19, 19, 728)  0          ['block7_sepconv2_bn[0][0]']     
 n)                                                                                               
                                                                                                  
 block7_sepconv3 (SeparableConv  (None, 19, 19, 728)  536536     ['block7_sepconv3_act[0][0]']    
 2D)                                                                                              
                                                                                                  
 block7_sepconv3_bn (BatchNorma  (None, 19, 19, 728)  2912       ['block7_sepconv3[0][0]']        
 lization)                                                                                        
                                                                                                  
 add_5 (Add)                    (None, 19, 19, 728)  0           ['block7_sepconv3_bn[0][0]',     
                                                                  'add_4[0][0]']                  
                                                                                                  
 block8_sepconv1_act (Activatio  (None, 19, 19, 728)  0          ['add_5[0][0]']                  
 n)                                                                                               
                                                                                                  
 block8_sepconv1 (SeparableConv  (None, 19, 19, 728)  536536     ['block8_sepconv1_act[0][0]']    
 2D)                                                                                              
                                                                                                  
 block8_sepconv1_bn (BatchNorma  (None, 19, 19, 728)  2912       ['block8_sepconv1[0][0]']        
 lization)                                                                                        
                                                                                                  
 block8_sepconv2_act (Activatio  (None, 19, 19, 728)  0          ['block8_sepconv1_bn[0][0]']     
 n)                                                                                               
                                                                                                  
 block8_sepconv2 (SeparableConv  (None, 19, 19, 728)  536536     ['block8_sepconv2_act[0][0]']    
 2D)                                                                                              
                                                                                                  
 block8_sepconv2_bn (BatchNorma  (None, 19, 19, 728)  2912       ['block8_sepconv2[0][0]']        
 lization)                                                                                        
                                                                                                  
 block8_sepconv3_act (Activatio  (None, 19, 19, 728)  0          ['block8_sepconv2_bn[0][0]']     
 n)                                                                                               
                                                                                                  
 block8_sepconv3 (SeparableConv  (None, 19, 19, 728)  536536     ['block8_sepconv3_act[0][0]']    
 2D)                                                                                              
                                                                                                  
 block8_sepconv3_bn (BatchNorma  (None, 19, 19, 728)  2912       ['block8_sepconv3[0][0]']        
 lization)                                                                                        
                                                                                                  
 add_6 (Add)                    (None, 19, 19, 728)  0           ['block8_sepconv3_bn[0][0]',     
                                                                  'add_5[0][0]']                  
                                                                                                  
 block9_sepconv1_act (Activatio  (None, 19, 19, 728)  0          ['add_6[0][0]']                  
 n)                                                                                               
                                                                                                  
 block9_sepconv1 (SeparableConv  (None, 19, 19, 728)  536536     ['block9_sepconv1_act[0][0]']    
 2D)                                                                                              
                                                                                                  
 block9_sepconv1_bn (BatchNorma  (None, 19, 19, 728)  2912       ['block9_sepconv1[0][0]']        
 lization)                                                                                        
                                                                                                  
 block9_sepconv2_act (Activatio  (None, 19, 19, 728)  0          ['block9_sepconv1_bn[0][0]']     
 n)                                                                                               
                                                                                                  
 block9_sepconv2 (SeparableConv  (None, 19, 19, 728)  536536     ['block9_sepconv2_act[0][0]']    
 2D)                                                                                              
                                                                                                  
 block9_sepconv2_bn (BatchNorma  (None, 19, 19, 728)  2912       ['block9_sepconv2[0][0]']        
 lization)                                                                                        
                                                                                                  
 block9_sepconv3_act (Activatio  (None, 19, 19, 728)  0          ['block9_sepconv2_bn[0][0]']     
 n)                                                                                               
                                                                                                  
 block9_sepconv3 (SeparableConv  (None, 19, 19, 728)  536536     ['block9_sepconv3_act[0][0]']    
 2D)                                                                                              
                                                                                                  
 block9_sepconv3_bn (BatchNorma  (None, 19, 19, 728)  2912       ['block9_sepconv3[0][0]']        
 lization)                                                                                        
                                                                                                  
 add_7 (Add)                    (None, 19, 19, 728)  0           ['block9_sepconv3_bn[0][0]',     
                                                                  'add_6[0][0]']                  
                                                                                                  
 block10_sepconv1_act (Activati  (None, 19, 19, 728)  0          ['add_7[0][0]']                  
 on)                                                                                              
                                                                                                  
 block10_sepconv1 (SeparableCon  (None, 19, 19, 728)  536536     ['block10_sepconv1_act[0][0]']   
 v2D)                                                                                             
                                                                                                  
 block10_sepconv1_bn (BatchNorm  (None, 19, 19, 728)  2912       ['block10_sepconv1[0][0]']       
 alization)                                                                                       
                                                                                                  
 block10_sepconv2_act (Activati  (None, 19, 19, 728)  0          ['block10_sepconv1_bn[0][0]']    
 on)                                                                                              
                                                                                                  
 block10_sepconv2 (SeparableCon  (None, 19, 19, 728)  536536     ['block10_sepconv2_act[0][0]']   
 v2D)                                                                                             
                                                                                                  
 block10_sepconv2_bn (BatchNorm  (None, 19, 19, 728)  2912       ['block10_sepconv2[0][0]']       
 alization)                                                                                       
                                                                                                  
 block10_sepconv3_act (Activati  (None, 19, 19, 728)  0          ['block10_sepconv2_bn[0][0]']    
 on)                                                                                              
                                                                                                  
 block10_sepconv3 (SeparableCon  (None, 19, 19, 728)  536536     ['block10_sepconv3_act[0][0]']   
 v2D)                                                                                             
                                                                                                  
 block10_sepconv3_bn (BatchNorm  (None, 19, 19, 728)  2912       ['block10_sepconv3[0][0]']       
 alization)                                                                                       
                                                                                                  
 add_8 (Add)                    (None, 19, 19, 728)  0           ['block10_sepconv3_bn[0][0]',    
                                                                  'add_7[0][0]']                  
                                                                                                  
 block11_sepconv1_act (Activati  (None, 19, 19, 728)  0          ['add_8[0][0]']                  
 on)                                                                                              
                                                                                                  
 block11_sepconv1 (SeparableCon  (None, 19, 19, 728)  536536     ['block11_sepconv1_act[0][0]']   
 v2D)                                                                                             
                                                                                                  
 block11_sepconv1_bn (BatchNorm  (None, 19, 19, 728)  2912       ['block11_sepconv1[0][0]']       
 alization)                                                                                       
                                                                                                  
 block11_sepconv2_act (Activati  (None, 19, 19, 728)  0          ['block11_sepconv1_bn[0][0]']    
 on)                                                                                              
                                                                                                  
 block11_sepconv2 (SeparableCon  (None, 19, 19, 728)  536536     ['block11_sepconv2_act[0][0]']   
 v2D)                                                                                             
                                                                                                  
 block11_sepconv2_bn (BatchNorm  (None, 19, 19, 728)  2912       ['block11_sepconv2[0][0]']       
 alization)                                                                                       
                                                                                                  
 block11_sepconv3_act (Activati  (None, 19, 19, 728)  0          ['block11_sepconv2_bn[0][0]']    
 on)                                                                                              
                                                                                                  
 block11_sepconv3 (SeparableCon  (None, 19, 19, 728)  536536     ['block11_sepconv3_act[0][0]']   
 v2D)                                                                                             
                                                                                                  
 block11_sepconv3_bn (BatchNorm  (None, 19, 19, 728)  2912       ['block11_sepconv3[0][0]']       
 alization)                                                                                       
                                                                                                  
 add_9 (Add)                    (None, 19, 19, 728)  0           ['block11_sepconv3_bn[0][0]',    
                                                                  'add_8[0][0]']                  
                                                                                                  
 block12_sepconv1_act (Activati  (None, 19, 19, 728)  0          ['add_9[0][0]']                  
 on)                                                                                              
                                                                                                  
 block12_sepconv1 (SeparableCon  (None, 19, 19, 728)  536536     ['block12_sepconv1_act[0][0]']   
 v2D)                                                                                             
                                                                                                  
 block12_sepconv1_bn (BatchNorm  (None, 19, 19, 728)  2912       ['block12_sepconv1[0][0]']       
 alization)                                                                                       
                                                                                                  
 block12_sepconv2_act (Activati  (None, 19, 19, 728)  0          ['block12_sepconv1_bn[0][0]']    
 on)                                                                                              
                                                                                                  
 block12_sepconv2 (SeparableCon  (None, 19, 19, 728)  536536     ['block12_sepconv2_act[0][0]']   
 v2D)                                                                                             
                                                                                                  
 block12_sepconv2_bn (BatchNorm  (None, 19, 19, 728)  2912       ['block12_sepconv2[0][0]']       
 alization)                                                                                       
                                                                                                  
 block12_sepconv3_act (Activati  (None, 19, 19, 728)  0          ['block12_sepconv2_bn[0][0]']    
 on)                                                                                              
                                                                                                  
 block12_sepconv3 (SeparableCon  (None, 19, 19, 728)  536536     ['block12_sepconv3_act[0][0]']   
 v2D)                                                                                             
                                                                                                  
 block12_sepconv3_bn (BatchNorm  (None, 19, 19, 728)  2912       ['block12_sepconv3[0][0]']       
 alization)                                                                                       
                                                                                                  
 add_10 (Add)                   (None, 19, 19, 728)  0           ['block12_sepconv3_bn[0][0]',    
                                                                  'add_9[0][0]']                  
                                                                                                  
 block13_sepconv1_act (Activati  (None, 19, 19, 728)  0          ['add_10[0][0]']                 
 on)                                                                                              
                                                                                                  
 block13_sepconv1 (SeparableCon  (None, 19, 19, 728)  536536     ['block13_sepconv1_act[0][0]']   
 v2D)                                                                                             
                                                                                                  
 block13_sepconv1_bn (BatchNorm  (None, 19, 19, 728)  2912       ['block13_sepconv1[0][0]']       
 alization)                                                                                       
                                                                                                  
 block13_sepconv2_act (Activati  (None, 19, 19, 728)  0          ['block13_sepconv1_bn[0][0]']    
 on)                                                                                              
                                                                                                  
 block13_sepconv2 (SeparableCon  (None, 19, 19, 1024  752024     ['block13_sepconv2_act[0][0]']   
 v2D)                           )                                                                 
                                                                                                  
 block13_sepconv2_bn (BatchNorm  (None, 19, 19, 1024  4096       ['block13_sepconv2[0][0]']       
 alization)                     )                                                                 
                                                                                                  
 conv2d_3 (Conv2D)              (None, 10, 10, 1024  745472      ['add_10[0][0]']                 
                                )                                                                 
                                                                                                  
 block13_pool (MaxPooling2D)    (None, 10, 10, 1024  0           ['block13_sepconv2_bn[0][0]']    
                                )                                                                 
                                                                                                  
 batch_normalization_3 (BatchNo  (None, 10, 10, 1024  4096       ['conv2d_3[0][0]']               
 rmalization)                   )                                                                 
                                                                                                  
 add_11 (Add)                   (None, 10, 10, 1024  0           ['block13_pool[0][0]',           
                                )                                 'batch_normalization_3[0][0]']  
                                                                                                  
 block14_sepconv1 (SeparableCon  (None, 10, 10, 1536  1582080    ['add_11[0][0]']                 
 v2D)                           )                                                                 
                                                                                                  
 block14_sepconv1_bn (BatchNorm  (None, 10, 10, 1536  6144       ['block14_sepconv1[0][0]']       
 alization)                     )                                                                 
                                                                                                  
 block14_sepconv1_act (Activati  (None, 10, 10, 1536  0          ['block14_sepconv1_bn[0][0]']    
 on)                            )                                                                 
                                                                                                  
 block14_sepconv2 (SeparableCon  (None, 10, 10, 2048  3159552    ['block14_sepconv1_act[0][0]']   
 v2D)                           )                                                                 
                                                                                                  
 block14_sepconv2_bn (BatchNorm  (None, 10, 10, 2048  8192       ['block14_sepconv2[0][0]']       
 alization)                     )                                                                 
                                                                                                  
 block14_sepconv2_act (Activati  (None, 10, 10, 2048  0          ['block14_sepconv2_bn[0][0]']    
 on)                            )                                                                 
                                                                                                  
 avg_pool (GlobalAveragePooling  (None, 2048)        0           ['block14_sepconv2_act[0][0]']   
 2D)                                                                                              
                                                                                                  
 predictions (Dense)            (None, 1000)         2049000     ['avg_pool[0][0]']               
                                                                                                  
==================================================================================================
Total params: 22,910,480
Trainable params: 22,855,952
Non-trainable params: 54,528
__________________________________________________________________________________________________
None
2023-06-06 08:38:19.584013: W tensorflow/tsl/platform/profile_utils/cpu_utils.cc:128] Failed to get CPU frequency: 0 Hz
Epoch 1/20
243/243 [==============================] - 3541s 15s/step - loss: 1.6047 - accuracy: 0.4654 - val_loss: 2.1273 - val_accuracy: 0.3857
Epoch 2/20
243/243 [==============================] - 3622s 15s/step - loss: 1.2299 - accuracy: 0.5635 - val_loss: 1.5541 - val_accuracy: 0.4819
Epoch 3/20
243/243 [==============================] - 3799s 16s/step - loss: 1.1035 - accuracy: 0.6060 - val_loss: 1.6583 - val_accuracy: 0.4468
Epoch 4/20
243/243 [==============================] - 30297s 125s/step - loss: 1.0051 - accuracy: 0.6427 - val_loss: 1.7491 - val_accuracy: 0.4554
Epoch 5/20
243/243 [==============================] - 5018s 21s/step - loss: 0.9458 - accuracy: 0.6619 - val_loss: 1.4442 - val_accuracy: 0.5455
Epoch 6/20
243/243 [==============================] - 44645s 184s/step - loss: 0.8472 - accuracy: 0.6997 - val_loss: 1.5912 - val_accuracy: 0.5038
Epoch 7/20
243/243 [==============================] - 3146s 13s/step - loss: 0.7868 - accuracy: 0.7170 - val_loss: 1.7332 - val_accuracy: 0.4807
Epoch 8/20
243/243 [==============================] - 3465s 14s/step - loss: 0.6948 - accuracy: 0.7530 - val_loss: 1.7084 - val_accuracy: 0.5143
Epoch 9/20
243/243 [==============================] - 3439s 14s/step - loss: 0.6524 - accuracy: 0.7676 - val_loss: 1.5471 - val_accuracy: 0.5220
Epoch 10/20
243/243 [==============================] - 3268s 13s/step - loss: 0.5784 - accuracy: 0.7960 - val_loss: 1.7772 - val_accuracy: 0.4931
Epoch 11/20
243/243 [==============================] - 3237s 13s/step - loss: 0.5252 - accuracy: 0.8150 - val_loss: 1.5771 - val_accuracy: 0.5438
Epoch 12/20
243/243 [==============================] - 11365s 47s/step - loss: 0.4703 - accuracy: 0.8328 - val_loss: 1.7526 - val_accuracy: 0.5277
Epoch 13/20
243/243 [==============================] - 46317s 191s/step - loss: 0.4233 - accuracy: 0.8510 - val_loss: 2.1283 - val_accuracy: 0.4869
Epoch 14/20
243/243 [==============================] - 20094s 83s/step - loss: 0.3776 - accuracy: 0.8661 - val_loss: 1.6870 - val_accuracy: 0.5458
Epoch 15/20
243/243 [==============================] - 15392s 64s/step - loss: 0.3410 - accuracy: 0.8815 - val_loss: 1.7108 - val_accuracy: 0.5703
Epoch 16/20
243/243 [==============================] - 3207s 13s/step - loss: 0.3337 - accuracy: 0.8831 - val_loss: 1.7027 - val_accuracy: 0.5649
Epoch 17/20
243/243 [==============================] - 3824s 16s/step - loss: 0.2989 - accuracy: 0.8959 - val_loss: 2.0110 - val_accuracy: 0.5446
Epoch 18/20
243/243 [==============================] - 3193s 13s/step - loss: 0.2702 - accuracy: 0.9059 - val_loss: 1.9041 - val_accuracy: 0.5583
Epoch 19/20
243/243 [==============================] - 3190s 13s/step - loss: 0.2533 - accuracy: 0.9130 - val_loss: 1.9461 - val_accuracy: 0.5616
Epoch 20/20
243/243 [==============================] - 3252s 13s/step - loss: 0.2488 - accuracy: 0.9137 - val_loss: 1.7928 - val_accuracy: 0.5711
52/52 [==============================] - 129s 2s/step - loss: 1.8671 - accuracy: 0.5611