Found 30990 images belonging to 10 classes.
Found 6640 images belonging to 10 classes.
Found 6650 images belonging to 10 classes.
Model: "xception"
__________________________________________________________________________________________________
 Layer (type)                   Output Shape         Param #     Connected to                     
==================================================================================================
 input_1 (InputLayer)           [(None, 299, 299, 3  0           []                               
                                )]                                                                
                                                                                                  
 block1_conv1 (Conv2D)          (None, 149, 149, 32  864         ['input_1[0][0]']                
                                )                                                                 
                                                                                                  
 block1_conv1_bn (BatchNormaliz  (None, 149, 149, 32  128        ['block1_conv1[0][0]']           
 ation)                         )                                                                 
                                                                                                  
 block1_conv1_act (Activation)  (None, 149, 149, 32  0           ['block1_conv1_bn[0][0]']        
                                )                                                                 
                                                                                                  
 block1_conv2 (Conv2D)          (None, 147, 147, 64  18432       ['block1_conv1_act[0][0]']       
                                )                                                                 
                                                                                                  
 block1_conv2_bn (BatchNormaliz  (None, 147, 147, 64  256        ['block1_conv2[0][0]']           
 ation)                         )                                                                 
                                                                                                  
 block1_conv2_act (Activation)  (None, 147, 147, 64  0           ['block1_conv2_bn[0][0]']        
                                )                                                                 
                                                                                                  
 block2_sepconv1 (SeparableConv  (None, 147, 147, 12  8768       ['block1_conv2_act[0][0]']       
 2D)                            8)                                                                
                                                                                                  
 block2_sepconv1_bn (BatchNorma  (None, 147, 147, 12  512        ['block2_sepconv1[0][0]']        
 lization)                      8)                                                                
                                                                                                  
 block2_sepconv2_act (Activatio  (None, 147, 147, 12  0          ['block2_sepconv1_bn[0][0]']     
 n)                             8)                                                                
                                                                                                  
 block2_sepconv2 (SeparableConv  (None, 147, 147, 12  17536      ['block2_sepconv2_act[0][0]']    
 2D)                            8)                                                                
                                                                                                  
 block2_sepconv2_bn (BatchNorma  (None, 147, 147, 12  512        ['block2_sepconv2[0][0]']        
 lization)                      8)                                                                
                                                                                                  
 conv2d (Conv2D)                (None, 74, 74, 128)  8192        ['block1_conv2_act[0][0]']       
                                                                                                  
 block2_pool (MaxPooling2D)     (None, 74, 74, 128)  0           ['block2_sepconv2_bn[0][0]']     
                                                                                                  
 batch_normalization (BatchNorm  (None, 74, 74, 128)  512        ['conv2d[0][0]']                 
 alization)                                                                                       
                                                                                                  
 add (Add)                      (None, 74, 74, 128)  0           ['block2_pool[0][0]',            
                                                                  'batch_normalization[0][0]']    
                                                                                                  
 block3_sepconv1_act (Activatio  (None, 74, 74, 128)  0          ['add[0][0]']                    
 n)                                                                                               
                                                                                                  
 block3_sepconv1 (SeparableConv  (None, 74, 74, 256)  33920      ['block3_sepconv1_act[0][0]']    
 2D)                                                                                              
                                                                                                  
 block3_sepconv1_bn (BatchNorma  (None, 74, 74, 256)  1024       ['block3_sepconv1[0][0]']        
 lization)                                                                                        
                                                                                                  
 block3_sepconv2_act (Activatio  (None, 74, 74, 256)  0          ['block3_sepconv1_bn[0][0]']     
 n)                                                                                               
                                                                                                  
 block3_sepconv2 (SeparableConv  (None, 74, 74, 256)  67840      ['block3_sepconv2_act[0][0]']    
 2D)                                                                                              
                                                                                                  
 block3_sepconv2_bn (BatchNorma  (None, 74, 74, 256)  1024       ['block3_sepconv2[0][0]']        
 lization)                                                                                        
                                                                                                  
 conv2d_1 (Conv2D)              (None, 37, 37, 256)  32768       ['add[0][0]']                    
                                                                                                  
 block3_pool (MaxPooling2D)     (None, 37, 37, 256)  0           ['block3_sepconv2_bn[0][0]']     
                                                                                                  
 batch_normalization_1 (BatchNo  (None, 37, 37, 256)  1024       ['conv2d_1[0][0]']               
 rmalization)                                                                                     
                                                                                                  
 add_1 (Add)                    (None, 37, 37, 256)  0           ['block3_pool[0][0]',            
                                                                  'batch_normalization_1[0][0]']  
                                                                                                  
 block4_sepconv1_act (Activatio  (None, 37, 37, 256)  0          ['add_1[0][0]']                  
 n)                                                                                               
                                                                                                  
 block4_sepconv1 (SeparableConv  (None, 37, 37, 728)  188672     ['block4_sepconv1_act[0][0]']    
 2D)                                                                                              
                                                                                                  
 block4_sepconv1_bn (BatchNorma  (None, 37, 37, 728)  2912       ['block4_sepconv1[0][0]']        
 lization)                                                                                        
                                                                                                  
 block4_sepconv2_act (Activatio  (None, 37, 37, 728)  0          ['block4_sepconv1_bn[0][0]']     
 n)                                                                                               
                                                                                                  
 block4_sepconv2 (SeparableConv  (None, 37, 37, 728)  536536     ['block4_sepconv2_act[0][0]']    
 2D)                                                                                              
                                                                                                  
 block4_sepconv2_bn (BatchNorma  (None, 37, 37, 728)  2912       ['block4_sepconv2[0][0]']        
 lization)                                                                                        
                                                                                                  
 conv2d_2 (Conv2D)              (None, 19, 19, 728)  186368      ['add_1[0][0]']                  
                                                                                                  
 block4_pool (MaxPooling2D)     (None, 19, 19, 728)  0           ['block4_sepconv2_bn[0][0]']     
                                                                                                  
 batch_normalization_2 (BatchNo  (None, 19, 19, 728)  2912       ['conv2d_2[0][0]']               
 rmalization)                                                                                     
                                                                                                  
 add_2 (Add)                    (None, 19, 19, 728)  0           ['block4_pool[0][0]',            
                                                                  'batch_normalization_2[0][0]']  
                                                                                                  
 block5_sepconv1_act (Activatio  (None, 19, 19, 728)  0          ['add_2[0][0]']                  
 n)                                                                                               
                                                                                                  
 block5_sepconv1 (SeparableConv  (None, 19, 19, 728)  536536     ['block5_sepconv1_act[0][0]']    
 2D)                                                                                              
                                                                                                  
 block5_sepconv1_bn (BatchNorma  (None, 19, 19, 728)  2912       ['block5_sepconv1[0][0]']        
 lization)                                                                                        
                                                                                                  
 block5_sepconv2_act (Activatio  (None, 19, 19, 728)  0          ['block5_sepconv1_bn[0][0]']     
 n)                                                                                               
                                                                                                  
 block5_sepconv2 (SeparableConv  (None, 19, 19, 728)  536536     ['block5_sepconv2_act[0][0]']    
 2D)                                                                                              
                                                                                                  
 block5_sepconv2_bn (BatchNorma  (None, 19, 19, 728)  2912       ['block5_sepconv2[0][0]']        
 lization)                                                                                        
                                                                                                  
 block5_sepconv3_act (Activatio  (None, 19, 19, 728)  0          ['block5_sepconv2_bn[0][0]']     
 n)                                                                                               
                                                                                                  
 block5_sepconv3 (SeparableConv  (None, 19, 19, 728)  536536     ['block5_sepconv3_act[0][0]']    
 2D)                                                                                              
                                                                                                  
 block5_sepconv3_bn (BatchNorma  (None, 19, 19, 728)  2912       ['block5_sepconv3[0][0]']        
 lization)                                                                                        
                                                                                                  
 add_3 (Add)                    (None, 19, 19, 728)  0           ['block5_sepconv3_bn[0][0]',     
                                                                  'add_2[0][0]']                  
                                                                                                  
 block6_sepconv1_act (Activatio  (None, 19, 19, 728)  0          ['add_3[0][0]']                  
 n)                                                                                               
                                                                                                  
 block6_sepconv1 (SeparableConv  (None, 19, 19, 728)  536536     ['block6_sepconv1_act[0][0]']    
 2D)                                                                                              
                                                                                                  
 block6_sepconv1_bn (BatchNorma  (None, 19, 19, 728)  2912       ['block6_sepconv1[0][0]']        
 lization)                                                                                        
                                                                                                  
 block6_sepconv2_act (Activatio  (None, 19, 19, 728)  0          ['block6_sepconv1_bn[0][0]']     
 n)                                                                                               
                                                                                                  
 block6_sepconv2 (SeparableConv  (None, 19, 19, 728)  536536     ['block6_sepconv2_act[0][0]']    
 2D)                                                                                              
                                                                                                  
 block6_sepconv2_bn (BatchNorma  (None, 19, 19, 728)  2912       ['block6_sepconv2[0][0]']        
 lization)                                                                                        
                                                                                                  
 block6_sepconv3_act (Activatio  (None, 19, 19, 728)  0          ['block6_sepconv2_bn[0][0]']     
 n)                                                                                               
                                                                                                  
 block6_sepconv3 (SeparableConv  (None, 19, 19, 728)  536536     ['block6_sepconv3_act[0][0]']    
 2D)                                                                                              
                                                                                                  
 block6_sepconv3_bn (BatchNorma  (None, 19, 19, 728)  2912       ['block6_sepconv3[0][0]']        
 lization)                                                                                        
                                                                                                  
 add_4 (Add)                    (None, 19, 19, 728)  0           ['block6_sepconv3_bn[0][0]',     
                                                                  'add_3[0][0]']                  
                                                                                                  
 block7_sepconv1_act (Activatio  (None, 19, 19, 728)  0          ['add_4[0][0]']                  
 n)                                                                                               
                                                                                                  
 block7_sepconv1 (SeparableConv  (None, 19, 19, 728)  536536     ['block7_sepconv1_act[0][0]']    
 2D)                                                                                              
                                                                                                  
 block7_sepconv1_bn (BatchNorma  (None, 19, 19, 728)  2912       ['block7_sepconv1[0][0]']        
 lization)                                                                                        
                                                                                                  
 block7_sepconv2_act (Activatio  (None, 19, 19, 728)  0          ['block7_sepconv1_bn[0][0]']     
 n)                                                                                               
                                                                                                  
 block7_sepconv2 (SeparableConv  (None, 19, 19, 728)  536536     ['block7_sepconv2_act[0][0]']    
 2D)                                                                                              
                                                                                                  
 block7_sepconv2_bn (BatchNorma  (None, 19, 19, 728)  2912       ['block7_sepconv2[0][0]']        
 lization)                                                                                        
                                                                                                  
 block7_sepconv3_act (Activatio  (None, 19, 19, 728)  0          ['block7_sepconv2_bn[0][0]']     
 n)                                                                                               
                                                                                                  
 block7_sepconv3 (SeparableConv  (None, 19, 19, 728)  536536     ['block7_sepconv3_act[0][0]']    
 2D)                                                                                              
                                                                                                  
 block7_sepconv3_bn (BatchNorma  (None, 19, 19, 728)  2912       ['block7_sepconv3[0][0]']        
 lization)                                                                                        
                                                                                                  
 add_5 (Add)                    (None, 19, 19, 728)  0           ['block7_sepconv3_bn[0][0]',     
                                                                  'add_4[0][0]']                  
                                                                                                  
 block8_sepconv1_act (Activatio  (None, 19, 19, 728)  0          ['add_5[0][0]']                  
 n)                                                                                               
                                                                                                  
 block8_sepconv1 (SeparableConv  (None, 19, 19, 728)  536536     ['block8_sepconv1_act[0][0]']    
 2D)                                                                                              
                                                                                                  
 block8_sepconv1_bn (BatchNorma  (None, 19, 19, 728)  2912       ['block8_sepconv1[0][0]']        
 lization)                                                                                        
                                                                                                  
 block8_sepconv2_act (Activatio  (None, 19, 19, 728)  0          ['block8_sepconv1_bn[0][0]']     
 n)                                                                                               
                                                                                                  
 block8_sepconv2 (SeparableConv  (None, 19, 19, 728)  536536     ['block8_sepconv2_act[0][0]']    
 2D)                                                                                              
                                                                                                  
 block8_sepconv2_bn (BatchNorma  (None, 19, 19, 728)  2912       ['block8_sepconv2[0][0]']        
 lization)                                                                                        
                                                                                                  
 block8_sepconv3_act (Activatio  (None, 19, 19, 728)  0          ['block8_sepconv2_bn[0][0]']     
 n)                                                                                               
                                                                                                  
 block8_sepconv3 (SeparableConv  (None, 19, 19, 728)  536536     ['block8_sepconv3_act[0][0]']    
 2D)                                                                                              
                                                                                                  
 block8_sepconv3_bn (BatchNorma  (None, 19, 19, 728)  2912       ['block8_sepconv3[0][0]']        
 lization)                                                                                        
                                                                                                  
 add_6 (Add)                    (None, 19, 19, 728)  0           ['block8_sepconv3_bn[0][0]',     
                                                                  'add_5[0][0]']                  
                                                                                                  
 block9_sepconv1_act (Activatio  (None, 19, 19, 728)  0          ['add_6[0][0]']                  
 n)                                                                                               
                                                                                                  
 block9_sepconv1 (SeparableConv  (None, 19, 19, 728)  536536     ['block9_sepconv1_act[0][0]']    
 2D)                                                                                              
                                                                                                  
 block9_sepconv1_bn (BatchNorma  (None, 19, 19, 728)  2912       ['block9_sepconv1[0][0]']        
 lization)                                                                                        
                                                                                                  
 block9_sepconv2_act (Activatio  (None, 19, 19, 728)  0          ['block9_sepconv1_bn[0][0]']     
 n)                                                                                               
                                                                                                  
 block9_sepconv2 (SeparableConv  (None, 19, 19, 728)  536536     ['block9_sepconv2_act[0][0]']    
 2D)                                                                                              
                                                                                                  
 block9_sepconv2_bn (BatchNorma  (None, 19, 19, 728)  2912       ['block9_sepconv2[0][0]']        
 lization)                                                                                        
                                                                                                  
 block9_sepconv3_act (Activatio  (None, 19, 19, 728)  0          ['block9_sepconv2_bn[0][0]']     
 n)                                                                                               
                                                                                                  
 block9_sepconv3 (SeparableConv  (None, 19, 19, 728)  536536     ['block9_sepconv3_act[0][0]']    
 2D)                                                                                              
                                                                                                  
 block9_sepconv3_bn (BatchNorma  (None, 19, 19, 728)  2912       ['block9_sepconv3[0][0]']        
 lization)                                                                                        
                                                                                                  
 add_7 (Add)                    (None, 19, 19, 728)  0           ['block9_sepconv3_bn[0][0]',     
                                                                  'add_6[0][0]']                  
                                                                                                  
 block10_sepconv1_act (Activati  (None, 19, 19, 728)  0          ['add_7[0][0]']                  
 on)                                                                                              
                                                                                                  
 block10_sepconv1 (SeparableCon  (None, 19, 19, 728)  536536     ['block10_sepconv1_act[0][0]']   
 v2D)                                                                                             
                                                                                                  
 block10_sepconv1_bn (BatchNorm  (None, 19, 19, 728)  2912       ['block10_sepconv1[0][0]']       
 alization)                                                                                       
                                                                                                  
 block10_sepconv2_act (Activati  (None, 19, 19, 728)  0          ['block10_sepconv1_bn[0][0]']    
 on)                                                                                              
                                                                                                  
 block10_sepconv2 (SeparableCon  (None, 19, 19, 728)  536536     ['block10_sepconv2_act[0][0]']   
 v2D)                                                                                             
                                                                                                  
 block10_sepconv2_bn (BatchNorm  (None, 19, 19, 728)  2912       ['block10_sepconv2[0][0]']       
 alization)                                                                                       
                                                                                                  
 block10_sepconv3_act (Activati  (None, 19, 19, 728)  0          ['block10_sepconv2_bn[0][0]']    
 on)                                                                                              
                                                                                                  
 block10_sepconv3 (SeparableCon  (None, 19, 19, 728)  536536     ['block10_sepconv3_act[0][0]']   
 v2D)                                                                                             
                                                                                                  
 block10_sepconv3_bn (BatchNorm  (None, 19, 19, 728)  2912       ['block10_sepconv3[0][0]']       
 alization)                                                                                       
                                                                                                  
 add_8 (Add)                    (None, 19, 19, 728)  0           ['block10_sepconv3_bn[0][0]',    
                                                                  'add_7[0][0]']                  
                                                                                                  
 block11_sepconv1_act (Activati  (None, 19, 19, 728)  0          ['add_8[0][0]']                  
 on)                                                                                              
                                                                                                  
 block11_sepconv1 (SeparableCon  (None, 19, 19, 728)  536536     ['block11_sepconv1_act[0][0]']   
 v2D)                                                                                             
                                                                                                  
 block11_sepconv1_bn (BatchNorm  (None, 19, 19, 728)  2912       ['block11_sepconv1[0][0]']       
 alization)                                                                                       
                                                                                                  
 block11_sepconv2_act (Activati  (None, 19, 19, 728)  0          ['block11_sepconv1_bn[0][0]']    
 on)                                                                                              
                                                                                                  
 block11_sepconv2 (SeparableCon  (None, 19, 19, 728)  536536     ['block11_sepconv2_act[0][0]']   
 v2D)                                                                                             
                                                                                                  
 block11_sepconv2_bn (BatchNorm  (None, 19, 19, 728)  2912       ['block11_sepconv2[0][0]']       
 alization)                                                                                       
                                                                                                  
 block11_sepconv3_act (Activati  (None, 19, 19, 728)  0          ['block11_sepconv2_bn[0][0]']    
 on)                                                                                              
                                                                                                  
 block11_sepconv3 (SeparableCon  (None, 19, 19, 728)  536536     ['block11_sepconv3_act[0][0]']   
 v2D)                                                                                             
                                                                                                  
 block11_sepconv3_bn (BatchNorm  (None, 19, 19, 728)  2912       ['block11_sepconv3[0][0]']       
 alization)                                                                                       
                                                                                                  
 add_9 (Add)                    (None, 19, 19, 728)  0           ['block11_sepconv3_bn[0][0]',    
                                                                  'add_8[0][0]']                  
                                                                                                  
 block12_sepconv1_act (Activati  (None, 19, 19, 728)  0          ['add_9[0][0]']                  
 on)                                                                                              
                                                                                                  
 block12_sepconv1 (SeparableCon  (None, 19, 19, 728)  536536     ['block12_sepconv1_act[0][0]']   
 v2D)                                                                                             
                                                                                                  
 block12_sepconv1_bn (BatchNorm  (None, 19, 19, 728)  2912       ['block12_sepconv1[0][0]']       
 alization)                                                                                       
                                                                                                  
 block12_sepconv2_act (Activati  (None, 19, 19, 728)  0          ['block12_sepconv1_bn[0][0]']    
 on)                                                                                              
                                                                                                  
 block12_sepconv2 (SeparableCon  (None, 19, 19, 728)  536536     ['block12_sepconv2_act[0][0]']   
 v2D)                                                                                             
                                                                                                  
 block12_sepconv2_bn (BatchNorm  (None, 19, 19, 728)  2912       ['block12_sepconv2[0][0]']       
 alization)                                                                                       
                                                                                                  
 block12_sepconv3_act (Activati  (None, 19, 19, 728)  0          ['block12_sepconv2_bn[0][0]']    
 on)                                                                                              
                                                                                                  
 block12_sepconv3 (SeparableCon  (None, 19, 19, 728)  536536     ['block12_sepconv3_act[0][0]']   
 v2D)                                                                                             
                                                                                                  
 block12_sepconv3_bn (BatchNorm  (None, 19, 19, 728)  2912       ['block12_sepconv3[0][0]']       
 alization)                                                                                       
                                                                                                  
 add_10 (Add)                   (None, 19, 19, 728)  0           ['block12_sepconv3_bn[0][0]',    
                                                                  'add_9[0][0]']                  
                                                                                                  
 block13_sepconv1_act (Activati  (None, 19, 19, 728)  0          ['add_10[0][0]']                 
 on)                                                                                              
                                                                                                  
 block13_sepconv1 (SeparableCon  (None, 19, 19, 728)  536536     ['block13_sepconv1_act[0][0]']   
 v2D)                                                                                             
                                                                                                  
 block13_sepconv1_bn (BatchNorm  (None, 19, 19, 728)  2912       ['block13_sepconv1[0][0]']       
 alization)                                                                                       
                                                                                                  
 block13_sepconv2_act (Activati  (None, 19, 19, 728)  0          ['block13_sepconv1_bn[0][0]']    
 on)                                                                                              
                                                                                                  
 block13_sepconv2 (SeparableCon  (None, 19, 19, 1024  752024     ['block13_sepconv2_act[0][0]']   
 v2D)                           )                                                                 
                                                                                                  
 block13_sepconv2_bn (BatchNorm  (None, 19, 19, 1024  4096       ['block13_sepconv2[0][0]']       
 alization)                     )                                                                 
                                                                                                  
 conv2d_3 (Conv2D)              (None, 10, 10, 1024  745472      ['add_10[0][0]']                 
                                )                                                                 
                                                                                                  
 block13_pool (MaxPooling2D)    (None, 10, 10, 1024  0           ['block13_sepconv2_bn[0][0]']    
                                )                                                                 
                                                                                                  
 batch_normalization_3 (BatchNo  (None, 10, 10, 1024  4096       ['conv2d_3[0][0]']               
 rmalization)                   )                                                                 
                                                                                                  
 add_11 (Add)                   (None, 10, 10, 1024  0           ['block13_pool[0][0]',           
                                )                                 'batch_normalization_3[0][0]']  
                                                                                                  
 block14_sepconv1 (SeparableCon  (None, 10, 10, 1536  1582080    ['add_11[0][0]']                 
 v2D)                           )                                                                 
                                                                                                  
 block14_sepconv1_bn (BatchNorm  (None, 10, 10, 1536  6144       ['block14_sepconv1[0][0]']       
 alization)                     )                                                                 
                                                                                                  
 block14_sepconv1_act (Activati  (None, 10, 10, 1536  0          ['block14_sepconv1_bn[0][0]']    
 on)                            )                                                                 
                                                                                                  
 block14_sepconv2 (SeparableCon  (None, 10, 10, 2048  3159552    ['block14_sepconv1_act[0][0]']   
 v2D)                           )                                                                 
                                                                                                  
 block14_sepconv2_bn (BatchNorm  (None, 10, 10, 2048  8192       ['block14_sepconv2[0][0]']       
 alization)                     )                                                                 
                                                                                                  
 block14_sepconv2_act (Activati  (None, 10, 10, 2048  0          ['block14_sepconv2_bn[0][0]']    
 on)                            )                                                                 
                                                                                                  
 avg_pool (GlobalAveragePooling  (None, 2048)        0           ['block14_sepconv2_act[0][0]']   
 2D)                                                                                              
                                                                                                  
 predictions (Dense)            (None, 1000)         2049000     ['avg_pool[0][0]']               
                                                                                                  
==================================================================================================
Total params: 22,910,480
Trainable params: 22,855,952
Non-trainable params: 54,528
__________________________________________________________________________________________________
None
2023-07-06 16:23:51.511252: W tensorflow/tsl/platform/profile_utils/cpu_utils.cc:128] Failed to get CPU frequency: 0 Hz
Epoch 1/20
243/243 [==============================] - 4073s 17s/step - loss: 1.6234 - accuracy: 0.4651 - val_loss: 4.2114 - val_accuracy: 0.1000
Epoch 2/20
243/243 [==============================] - 5359s 22s/step - loss: 1.2305 - accuracy: 0.5640 - val_loss: 2.5300 - val_accuracy: 0.2178
Epoch 3/20
243/243 [==============================] - 10522s 43s/step - loss: 1.1057 - accuracy: 0.6063 - val_loss: 1.4712 - val_accuracy: 0.4857
Epoch 4/20
243/243 [==============================] - 3916s 16s/step - loss: 1.0040 - accuracy: 0.6427 - val_loss: 1.7597 - val_accuracy: 0.4333
Epoch 5/20
243/243 [==============================] - 4559s 19s/step - loss: 0.9188 - accuracy: 0.6742 - val_loss: 1.6881 - val_accuracy: 0.4932
Epoch 6/20
243/243 [==============================] - 21399s 88s/step - loss: 0.8486 - accuracy: 0.6985 - val_loss: 1.4420 - val_accuracy: 0.5325
Epoch 7/20
243/243 [==============================] - 11526s 43s/step - loss: 0.7636 - accuracy: 0.7296 - val_loss: 2.1448 - val_accuracy: 0.4470
Epoch 8/20
243/243 [==============================] - 4211s 17s/step - loss: 0.6933 - accuracy: 0.7536 - val_loss: 1.5619 - val_accuracy: 0.5059
Epoch 9/20
243/243 [==============================] - 4048s 17s/step - loss: 0.6468 - accuracy: 0.7691 - val_loss: 1.5606 - val_accuracy: 0.5342
Epoch 10/20
243/243 [==============================] - 5942s 24s/step - loss: 0.5649 - accuracy: 0.7995 - val_loss: 1.6551 - val_accuracy: 0.5286
Epoch 11/20
243/243 [==============================] - 4084s 17s/step - loss: 0.5137 - accuracy: 0.8178 - val_loss: 1.6150 - val_accuracy: 0.5354
Epoch 12/20
243/243 [==============================] - 5354s 22s/step - loss: 0.4598 - accuracy: 0.8353 - val_loss: 1.6768 - val_accuracy: 0.5512
Epoch 13/20
243/243 [==============================] - 3241s 13s/step - loss: 0.4183 - accuracy: 0.8527 - val_loss: 1.9502 - val_accuracy: 0.5083
Epoch 14/20
243/243 [==============================] - 3258s 13s/step - loss: 0.3579 - accuracy: 0.8757 - val_loss: 1.7103 - val_accuracy: 0.5491
Epoch 15/20
243/243 [==============================] - 6012s 25s/step - loss: 0.3371 - accuracy: 0.8825 - val_loss: 1.7444 - val_accuracy: 0.5536
Epoch 16/20
243/243 [==============================] - 3174s 13s/step - loss: 0.3033 - accuracy: 0.8920 - val_loss: 1.8222 - val_accuracy: 0.5444
Epoch 17/20
243/243 [==============================] - 60345s 249s/step - loss: 0.2738 - accuracy: 0.9066 - val_loss: 2.0972 - val_accuracy: 0.5081
Epoch 18/20
243/243 [==============================] - 3827s 16s/step - loss: 0.2566 - accuracy: 0.9127 - val_loss: 2.0256 - val_accuracy: 0.5386
Epoch 19/20
243/243 [==============================] - 3623s 15s/step - loss: 0.2422 - accuracy: 0.9158 - val_loss: 2.1739 - val_accuracy: 0.5029
Epoch 20/20
243/243 [==============================] - 10167s 42s/step - loss: 0.2400 - accuracy: 0.9182 - val_loss: 2.0284 - val_accuracy: 0.5402
52/52 [==============================] - 131s 2s/step - loss: 2.1234 - accuracy: 0.5323